[ 2018-04-16T10:36:39+08:00 ] ::1 /mingjin/home/index/tousu2
INFO: [ app_init ] --START--
INFO: Run Behavior\BuildLiteBehavior [ RunTime:0.000016s ]
INFO: [ app_init ] --END-- [ RunTime:0.081280s ]
INFO: [ app_begin ] --START--
INFO: Run Behavior\ReadHtmlCacheBehavior [ RunTime:0.069266s ]
INFO: [ app_begin ] --END-- [ RunTime:0.069336s ]
ERR: 非法操作:tousu2

[ 2018-04-16T17:38:00+08:00 ] ::1 /mingjin/
INFO: [ app_init ] --START--
INFO: Run Behavior\BuildLiteBehavior [ RunTime:0.000017s ]
INFO: [ app_init ] --END-- [ RunTime:0.105932s ]
INFO: [ app_begin ] --START--
INFO: Run Behavior\ReadHtmlCacheBehavior [ RunTime:0.050306s ]
INFO: [ app_begin ] --END-- [ RunTime:0.050410s ]
INFO: [ view_parse ] --START--
INFO: [ template_filter ] --START--
INFO: Run Behavior\ContentReplaceBehavior [ RunTime:0.000093s ]
INFO: [ template_filter ] --END-- [ RunTime:0.000198s ]
INFO: Run Behavior\ParseTemplateBehavior [ RunTime:0.544818s ]
INFO: [ view_parse ] --END-- [ RunTime:0.544920s ]
INFO: [ view_filter ] --START--
INFO: Run Behavior\WriteHtmlCacheBehavior [ RunTime:0.047940s ]
INFO: [ view_filter ] --END-- [ RunTime:0.047999s ]
INFO: [ app_end ] --START--
INFO: Run Behavior\ShowPageTraceBehavior [ RunTime:0.026411s ]
INFO: [ app_end ] --END-- [ RunTime:0.026730s ]

[ 2018-04-16T17:38:21+08:00 ] ::1 /mingjin/index.php/Home/Index/login.html
INFO: [ app_init ] --START--
INFO: Run Behavior\BuildLiteBehavior [ RunTime:0.000022s ]
INFO: [ app_init ] --END-- [ RunTime:0.000668s ]
INFO: [ app_begin ] --START--
INFO: Run Behavior\ReadHtmlCacheBehavior [ RunTime:0.000620s ]
INFO: [ app_begin ] --END-- [ RunTime:0.000682s ]
ERR: 1146:Table 'mingjin.user' doesn't exist
 [ SQL语句 ] : SHOW COLUMNS FROM `user`
ERR: 1146:Table 'mingjin.user' doesn't exist
 [ SQL语句 ] : SHOW COLUMNS FROM `user`

