[ 2018-04-12T08:09:16+08:00 ] ::1 /mingjin/admin.php
INFO: [ app_init ] --START--
INFO: Run Behavior\BuildLiteBehavior [ RunTime:0.000010s ]
INFO: [ app_init ] --END-- [ RunTime:0.000608s ]
INFO: [ app_begin ] --START--
INFO: Run Behavior\ReadHtmlCacheBehavior [ RunTime:0.000986s ]
INFO: [ app_begin ] --END-- [ RunTime:0.001023s ]
INFO: [ view_parse ] --START--
INFO: [ template_filter ] --START--
INFO: Run Behavior\ContentReplaceBehavior [ RunTime:0.000026s ]
INFO: [ template_filter ] --END-- [ RunTime:0.000052s ]
INFO: Run Behavior\ParseTemplateBehavior [ RunTime:0.048373s ]
INFO: [ view_parse ] --END-- [ RunTime:0.048413s ]
INFO: [ view_filter ] --START--
INFO: Run Behavior\WriteHtmlCacheBehavior [ RunTime:0.000643s ]
INFO: [ view_filter ] --END-- [ RunTime:0.000661s ]
INFO: [ app_end ] --START--
INFO: Run Behavior\ShowPageTraceBehavior [ RunTime:0.000887s ]
INFO: [ app_end ] --END-- [ RunTime:0.000906s ]

[ 2018-04-12T08:09:25+08:00 ] ::1 /mingjin/admin.php/Index/login.html
INFO: [ app_init ] --START--
INFO: Run Behavior\BuildLiteBehavior [ RunTime:0.000009s ]
INFO: [ app_init ] --END-- [ RunTime:0.000585s ]
INFO: [ app_begin ] --START--
INFO: Run Behavior\ReadHtmlCacheBehavior [ RunTime:0.000630s ]
INFO: [ app_begin ] --END-- [ RunTime:0.000656s ]
SQL: SHOW COLUMNS FROM `admin` [ RunTime:0.0743s ]
SQL: SELECT * FROM `admin` WHERE `account` = 'asd' LIMIT 1   [ RunTime:0.0195s ]
INFO: [ view_parse ] --START--
INFO: [ template_filter ] --START--
INFO: Run Behavior\ContentReplaceBehavior [ RunTime:0.000097s ]
INFO: [ template_filter ] --END-- [ RunTime:0.000175s ]
INFO: Run Behavior\ParseTemplateBehavior [ RunTime:0.048268s ]
INFO: [ view_parse ] --END-- [ RunTime:0.048340s ]
INFO: [ view_filter ] --START--
INFO: Run Behavior\WriteHtmlCacheBehavior [ RunTime:0.001301s ]
INFO: [ view_filter ] --END-- [ RunTime:0.001346s ]
INFO: [ app_end ] --START--
INFO: Run Behavior\ShowPageTraceBehavior [ RunTime:0.001838s ]
INFO: [ app_end ] --END-- [ RunTime:0.001884s ]

[ 2018-04-12T08:09:26+08:00 ] ::1 /mingjin/admin.php/Index/user
INFO: [ app_init ] --START--
INFO: Run Behavior\BuildLiteBehavior [ RunTime:0.000005s ]
INFO: [ app_init ] --END-- [ RunTime:0.000415s ]
INFO: [ app_begin ] --START--
INFO: Run Behavior\ReadHtmlCacheBehavior [ RunTime:0.000554s ]
INFO: [ app_begin ] --END-- [ RunTime:0.000574s ]
SQL: SHOW COLUMNS FROM `user` [ RunTime:0.0791s ]
SQL: SELECT * FROM `user` ORDER BY id desc  [ RunTime:0.0004s ]
INFO: [ view_parse ] --START--
INFO: [ template_filter ] --START--
INFO: Run Behavior\ContentReplaceBehavior [ RunTime:0.000032s ]
INFO: [ template_filter ] --END-- [ RunTime:0.000057s ]
INFO: Run Behavior\ParseTemplateBehavior [ RunTime:0.061234s ]
INFO: [ view_parse ] --END-- [ RunTime:0.061267s ]
INFO: [ view_filter ] --START--
INFO: Run Behavior\WriteHtmlCacheBehavior [ RunTime:0.000486s ]
INFO: [ view_filter ] --END-- [ RunTime:0.000503s ]
INFO: [ app_end ] --START--
INFO: Run Behavior\ShowPageTraceBehavior [ RunTime:0.000756s ]
INFO: [ app_end ] --END-- [ RunTime:0.000776s ]

[ 2018-04-12T08:09:29+08:00 ] ::1 /mingjin/admin.php/Index/user.html
INFO: [ app_init ] --START--
INFO: Run Behavior\BuildLiteBehavior [ RunTime:0.000013s ]
INFO: [ app_init ] --END-- [ RunTime:0.000595s ]
INFO: [ app_begin ] --START--
INFO: Run Behavior\ReadHtmlCacheBehavior [ RunTime:0.000606s ]
INFO: [ app_begin ] --END-- [ RunTime:0.000626s ]
SQL: SHOW COLUMNS FROM `user` [ RunTime:0.0029s ]
SQL: SELECT * FROM `user` ORDER BY id desc  [ RunTime:0.0006s ]
INFO: [ view_parse ] --START--
INFO: [ template_filter ] --START--
INFO: Run Behavior\ContentReplaceBehavior [ RunTime:0.000032s ]
INFO: [ template_filter ] --END-- [ RunTime:0.000056s ]
INFO: Run Behavior\ParseTemplateBehavior [ RunTime:0.007001s ]
INFO: [ view_parse ] --END-- [ RunTime:0.007024s ]
INFO: [ view_filter ] --START--
INFO: Run Behavior\WriteHtmlCacheBehavior [ RunTime:0.000460s ]
INFO: [ view_filter ] --END-- [ RunTime:0.000476s ]
INFO: [ app_end ] --START--
INFO: Run Behavior\ShowPageTraceBehavior [ RunTime:0.000649s ]
INFO: [ app_end ] --END-- [ RunTime:0.000666s ]

[ 2018-04-12T08:09:31+08:00 ] ::1 /mingjin/admin.php/Index/user.html
INFO: [ app_init ] --START--
INFO: Run Behavior\BuildLiteBehavior [ RunTime:0.000008s ]
INFO: [ app_init ] --END-- [ RunTime:0.000641s ]
INFO: [ app_begin ] --START--
INFO: Run Behavior\ReadHtmlCacheBehavior [ RunTime:0.001316s ]
INFO: [ app_begin ] --END-- [ RunTime:0.001372s ]
SQL: SHOW COLUMNS FROM `user` [ RunTime:0.0028s ]
SQL: SELECT * FROM `user` ORDER BY id desc  [ RunTime:0.0004s ]
INFO: [ view_parse ] --START--
INFO: [ template_filter ] --START--
INFO: Run Behavior\ContentReplaceBehavior [ RunTime:0.000067s ]
INFO: [ template_filter ] --END-- [ RunTime:0.000122s ]
INFO: Run Behavior\ParseTemplateBehavior [ RunTime:0.008477s ]
INFO: [ view_parse ] --END-- [ RunTime:0.008535s ]
INFO: [ view_filter ] --START--
INFO: Run Behavior\WriteHtmlCacheBehavior [ RunTime:0.000782s ]
INFO: [ view_filter ] --END-- [ RunTime:0.000806s ]
INFO: [ app_end ] --START--
INFO: Run Behavior\ShowPageTraceBehavior [ RunTime:0.000926s ]
INFO: [ app_end ] --END-- [ RunTime:0.000949s ]

[ 2018-04-12T08:09:32+08:00 ] ::1 /mingjin/admin.php/Index/manager.html
INFO: [ app_init ] --START--
INFO: Run Behavior\BuildLiteBehavior [ RunTime:0.000006s ]
INFO: [ app_init ] --END-- [ RunTime:0.000445s ]
INFO: [ app_begin ] --START--
INFO: Run Behavior\ReadHtmlCacheBehavior [ RunTime:0.000585s ]
INFO: [ app_begin ] --END-- [ RunTime:0.000604s ]
SQL: SHOW COLUMNS FROM `admin` [ RunTime:0.0024s ]
SQL: SELECT * FROM `admin` ORDER BY id desc  [ RunTime:0.0006s ]
INFO: [ view_parse ] --START--
INFO: [ template_filter ] --START--
INFO: Run Behavior\ContentReplaceBehavior [ RunTime:0.000031s ]
INFO: [ template_filter ] --END-- [ RunTime:0.000055s ]
INFO: Run Behavior\ParseTemplateBehavior [ RunTime:0.061394s ]
INFO: [ view_parse ] --END-- [ RunTime:0.061428s ]
INFO: [ view_filter ] --START--
INFO: Run Behavior\WriteHtmlCacheBehavior [ RunTime:0.000473s ]
INFO: [ view_filter ] --END-- [ RunTime:0.000489s ]
INFO: [ app_end ] --START--
INFO: Run Behavior\ShowPageTraceBehavior [ RunTime:0.000704s ]
INFO: [ app_end ] --END-- [ RunTime:0.000721s ]

[ 2018-04-12T08:09:33+08:00 ] ::1 /mingjin/admin.php/Index/anjian.html
INFO: [ app_init ] --START--
INFO: Run Behavior\BuildLiteBehavior [ RunTime:0.000008s ]
INFO: [ app_init ] --END-- [ RunTime:0.000593s ]
INFO: [ app_begin ] --START--
INFO: Run Behavior\ReadHtmlCacheBehavior [ RunTime:0.000923s ]
INFO: [ app_begin ] --END-- [ RunTime:0.000956s ]
SQL: SHOW COLUMNS FROM `user` [ RunTime:0.0024s ]
SQL: SELECT * FROM `user` ORDER BY id desc  [ RunTime:0.0003s ]
INFO: [ view_parse ] --START--
INFO: [ template_filter ] --START--
INFO: Run Behavior\ContentReplaceBehavior [ RunTime:0.000055s ]
INFO: [ template_filter ] --END-- [ RunTime:0.000115s ]
INFO: Run Behavior\ParseTemplateBehavior [ RunTime:0.054905s ]
INFO: [ view_parse ] --END-- [ RunTime:0.054945s ]
INFO: [ view_filter ] --START--
INFO: Run Behavior\WriteHtmlCacheBehavior [ RunTime:0.000576s ]
INFO: [ view_filter ] --END-- [ RunTime:0.000595s ]
INFO: [ app_end ] --START--
INFO: Run Behavior\ShowPageTraceBehavior [ RunTime:0.000733s ]
INFO: [ app_end ] --END-- [ RunTime:0.000750s ]

[ 2018-04-12T08:09:34+08:00 ] ::1 /mingjin/admin.php/Index/pingjia.html
INFO: [ app_init ] --START--
INFO: Run Behavior\BuildLiteBehavior [ RunTime:0.000021s ]
INFO: [ app_init ] --END-- [ RunTime:0.000820s ]
INFO: [ app_begin ] --START--
INFO: Run Behavior\ReadHtmlCacheBehavior [ RunTime:0.000828s ]
INFO: [ app_begin ] --END-- [ RunTime:0.000852s ]
SQL: SHOW COLUMNS FROM `user` [ RunTime:0.0023s ]
SQL: SELECT * FROM `user` ORDER BY id desc  [ RunTime:0.0003s ]
INFO: [ view_parse ] --START--
INFO: [ template_filter ] --START--
INFO: Run Behavior\ContentReplaceBehavior [ RunTime:0.000031s ]
INFO: [ template_filter ] --END-- [ RunTime:0.000054s ]
INFO: Run Behavior\ParseTemplateBehavior [ RunTime:0.036468s ]
INFO: [ view_parse ] --END-- [ RunTime:0.036489s ]
INFO: [ view_filter ] --START--
INFO: Run Behavior\WriteHtmlCacheBehavior [ RunTime:0.000443s ]
INFO: [ view_filter ] --END-- [ RunTime:0.000458s ]
INFO: [ app_end ] --START--
INFO: Run Behavior\ShowPageTraceBehavior [ RunTime:0.000849s ]
INFO: [ app_end ] --END-- [ RunTime:0.000866s ]

[ 2018-04-12T08:09:36+08:00 ] ::1 /mingjin/admin.php/Index/pingjia.html
INFO: [ app_init ] --START--
INFO: Run Behavior\BuildLiteBehavior [ RunTime:0.000007s ]
INFO: [ app_init ] --END-- [ RunTime:0.000584s ]
INFO: [ app_begin ] --START--
INFO: Run Behavior\ReadHtmlCacheBehavior [ RunTime:0.000820s ]
INFO: [ app_begin ] --END-- [ RunTime:0.000846s ]
SQL: SHOW COLUMNS FROM `user` [ RunTime:0.0025s ]
SQL: SELECT * FROM `user` ORDER BY id desc  [ RunTime:0.0003s ]
INFO: [ view_parse ] --START--
INFO: [ template_filter ] --START--
INFO: Run Behavior\ContentReplaceBehavior [ RunTime:0.000031s ]
INFO: [ template_filter ] --END-- [ RunTime:0.000050s ]
INFO: Run Behavior\ParseTemplateBehavior [ RunTime:0.005853s ]
INFO: [ view_parse ] --END-- [ RunTime:0.005877s ]
INFO: [ view_filter ] --START--
INFO: Run Behavior\WriteHtmlCacheBehavior [ RunTime:0.000506s ]
INFO: [ view_filter ] --END-- [ RunTime:0.000522s ]
INFO: [ app_end ] --START--
INFO: Run Behavior\ShowPageTraceBehavior [ RunTime:0.000683s ]
INFO: [ app_end ] --END-- [ RunTime:0.000700s ]

[ 2018-04-12T08:09:36+08:00 ] ::1 /mingjin/admin.php/Index/anjian.html
INFO: [ app_init ] --START--
INFO: Run Behavior\BuildLiteBehavior [ RunTime:0.000015s ]
INFO: [ app_init ] --END-- [ RunTime:0.000624s ]
INFO: [ app_begin ] --START--
INFO: Run Behavior\ReadHtmlCacheBehavior [ RunTime:0.001171s ]
INFO: [ app_begin ] --END-- [ RunTime:0.001221s ]
SQL: SHOW COLUMNS FROM `user` [ RunTime:0.0025s ]
SQL: SELECT * FROM `user` ORDER BY id desc  [ RunTime:0.0003s ]
INFO: [ view_parse ] --START--
INFO: [ template_filter ] --START--
INFO: Run Behavior\ContentReplaceBehavior [ RunTime:0.000058s ]
INFO: [ template_filter ] --END-- [ RunTime:0.000103s ]
INFO: Run Behavior\ParseTemplateBehavior [ RunTime:0.007227s ]
INFO: [ view_parse ] --END-- [ RunTime:0.007313s ]
INFO: [ view_filter ] --START--
INFO: Run Behavior\WriteHtmlCacheBehavior [ RunTime:0.000654s ]
INFO: [ view_filter ] --END-- [ RunTime:0.000677s ]
INFO: [ app_end ] --START--
INFO: Run Behavior\ShowPageTraceBehavior [ RunTime:0.000742s ]
INFO: [ app_end ] --END-- [ RunTime:0.000763s ]

[ 2018-04-12T08:09:37+08:00 ] ::1 /mingjin/admin.php/Index/pingjia.html
INFO: [ app_init ] --START--
INFO: Run Behavior\BuildLiteBehavior [ RunTime:0.000006s ]
INFO: [ app_init ] --END-- [ RunTime:0.000580s ]
INFO: [ app_begin ] --START--
INFO: Run Behavior\ReadHtmlCacheBehavior [ RunTime:0.000557s ]
INFO: [ app_begin ] --END-- [ RunTime:0.000576s ]
SQL: SHOW COLUMNS FROM `user` [ RunTime:0.0025s ]
SQL: SELECT * FROM `user` ORDER BY id desc  [ RunTime:0.0003s ]
INFO: [ view_parse ] --START--
INFO: [ template_filter ] --START--
INFO: Run Behavior\ContentReplaceBehavior [ RunTime:0.000055s ]
INFO: [ template_filter ] --END-- [ RunTime:0.000107s ]
INFO: Run Behavior\ParseTemplateBehavior [ RunTime:0.007521s ]
INFO: [ view_parse ] --END-- [ RunTime:0.007546s ]
INFO: [ view_filter ] --START--
INFO: Run Behavior\WriteHtmlCacheBehavior [ RunTime:0.000573s ]
INFO: [ view_filter ] --END-- [ RunTime:0.000590s ]
INFO: [ app_end ] --START--
INFO: Run Behavior\ShowPageTraceBehavior [ RunTime:0.000621s ]
INFO: [ app_end ] --END-- [ RunTime:0.000637s ]

[ 2018-04-12T08:09:38+08:00 ] ::1 /mingjin/admin.php/Index/tousu.html
INFO: [ app_init ] --START--
INFO: Run Behavior\BuildLiteBehavior [ RunTime:0.000007s ]
INFO: [ app_init ] --END-- [ RunTime:0.000595s ]
INFO: [ app_begin ] --START--
INFO: Run Behavior\ReadHtmlCacheBehavior [ RunTime:0.000830s ]
INFO: [ app_begin ] --END-- [ RunTime:0.000856s ]
SQL: SHOW COLUMNS FROM `toushu` [ RunTime:0.0301s ]
SQL: SELECT * FROM `toushu`  [ RunTime:0.0005s ]
SQL: SHOW COLUMNS FROM `user` [ RunTime:0.0027s ]
SQL: SELECT `id`,`name` FROM `user`  [ RunTime:0.0006s ]
NOTIC: [8] Undefined variable: value E:\WAMPP\htdocs\mingjin\Application\Admin\Controller\IndexController.class.php 第 345 行.
NOTIC: [8] Undefined variable: value E:\WAMPP\htdocs\mingjin\Application\Admin\Controller\IndexController.class.php 第 345 行.
NOTIC: [8] Undefined variable: value E:\WAMPP\htdocs\mingjin\Application\Admin\Controller\IndexController.class.php 第 345 行.
NOTIC: [8] Undefined variable: value E:\WAMPP\htdocs\mingjin\Application\Admin\Controller\IndexController.class.php 第 345 行.
NOTIC: [8] Undefined variable: value E:\WAMPP\htdocs\mingjin\Application\Admin\Controller\IndexController.class.php 第 345 行.
NOTIC: [8] Undefined variable: value E:\WAMPP\htdocs\mingjin\Application\Admin\Controller\IndexController.class.php 第 345 行.
INFO: [ view_parse ] --START--
INFO: [ template_filter ] --START--
INFO: Run Behavior\ContentReplaceBehavior [ RunTime:0.000032s ]
INFO: [ template_filter ] --END-- [ RunTime:0.000056s ]
NOTIC: [8] Undefined index: password E:\WAMPP\htdocs\mingjin\Application\Runtime\Cache\Admin\6a6a16367fd9a3615e9874de7e351384.php 第 62 行.
NOTIC: [8] Undefined index: phone E:\WAMPP\htdocs\mingjin\Application\Runtime\Cache\Admin\6a6a16367fd9a3615e9874de7e351384.php 第 63 行.
NOTIC: [8] Undefined index: address E:\WAMPP\htdocs\mingjin\Application\Runtime\Cache\Admin\6a6a16367fd9a3615e9874de7e351384.php 第 64 行.
NOTIC: [8] Undefined index: password E:\WAMPP\htdocs\mingjin\Application\Runtime\Cache\Admin\6a6a16367fd9a3615e9874de7e351384.php 第 62 行.
NOTIC: [8] Undefined index: phone E:\WAMPP\htdocs\mingjin\Application\Runtime\Cache\Admin\6a6a16367fd9a3615e9874de7e351384.php 第 63 行.
NOTIC: [8] Undefined index: address E:\WAMPP\htdocs\mingjin\Application\Runtime\Cache\Admin\6a6a16367fd9a3615e9874de7e351384.php 第 64 行.
NOTIC: [8] Undefined index: password E:\WAMPP\htdocs\mingjin\Application\Runtime\Cache\Admin\6a6a16367fd9a3615e9874de7e351384.php 第 62 行.
NOTIC: [8] Undefined index: phone E:\WAMPP\htdocs\mingjin\Application\Runtime\Cache\Admin\6a6a16367fd9a3615e9874de7e351384.php 第 63 行.
NOTIC: [8] Undefined index: address E:\WAMPP\htdocs\mingjin\Application\Runtime\Cache\Admin\6a6a16367fd9a3615e9874de7e351384.php 第 64 行.
NOTIC: [8] Undefined index: password E:\WAMPP\htdocs\mingjin\Application\Runtime\Cache\Admin\6a6a16367fd9a3615e9874de7e351384.php 第 62 行.
NOTIC: [8] Undefined index: phone E:\WAMPP\htdocs\mingjin\Application\Runtime\Cache\Admin\6a6a16367fd9a3615e9874de7e351384.php 第 63 行.
NOTIC: [8] Undefined index: address E:\WAMPP\htdocs\mingjin\Application\Runtime\Cache\Admin\6a6a16367fd9a3615e9874de7e351384.php 第 64 行.
NOTIC: [8] Undefined index: password E:\WAMPP\htdocs\mingjin\Application\Runtime\Cache\Admin\6a6a16367fd9a3615e9874de7e351384.php 第 62 行.
NOTIC: [8] Undefined index: phone E:\WAMPP\htdocs\mingjin\Application\Runtime\Cache\Admin\6a6a16367fd9a3615e9874de7e351384.php 第 63 行.
NOTIC: [8] Undefined index: address E:\WAMPP\htdocs\mingjin\Application\Runtime\Cache\Admin\6a6a16367fd9a3615e9874de7e351384.php 第 64 行.
NOTIC: [8] Undefined index: password E:\WAMPP\htdocs\mingjin\Application\Runtime\Cache\Admin\6a6a16367fd9a3615e9874de7e351384.php 第 62 行.
NOTIC: [8] Undefined index: phone E:\WAMPP\htdocs\mingjin\Application\Runtime\Cache\Admin\6a6a16367fd9a3615e9874de7e351384.php 第 63 行.
NOTIC: [8] Undefined index: address E:\WAMPP\htdocs\mingjin\Application\Runtime\Cache\Admin\6a6a16367fd9a3615e9874de7e351384.php 第 64 行.
INFO: Run Behavior\ParseTemplateBehavior [ RunTime:0.021206s ]
INFO: [ view_parse ] --END-- [ RunTime:0.021231s ]
INFO: [ view_filter ] --START--
INFO: Run Behavior\WriteHtmlCacheBehavior [ RunTime:0.000493s ]
INFO: [ view_filter ] --END-- [ RunTime:0.000508s ]
INFO: [ app_end ] --START--
INFO: Run Behavior\ShowPageTraceBehavior [ RunTime:0.000725s ]
INFO: [ app_end ] --END-- [ RunTime:0.000743s ]

[ 2018-04-12T08:09:38+08:00 ] ::1 /mingjin/admin.php/Index/pingjia.html
INFO: [ app_init ] --START--
INFO: Run Behavior\BuildLiteBehavior [ RunTime:0.000009s ]
INFO: [ app_init ] --END-- [ RunTime:0.000649s ]
INFO: [ app_begin ] --START--
INFO: Run Behavior\ReadHtmlCacheBehavior [ RunTime:0.000821s ]
INFO: [ app_begin ] --END-- [ RunTime:0.000851s ]
SQL: SHOW COLUMNS FROM `user` [ RunTime:0.0024s ]
SQL: SELECT * FROM `user` ORDER BY id desc  [ RunTime:0.0003s ]
INFO: [ view_parse ] --START--
INFO: [ template_filter ] --START--
INFO: Run Behavior\ContentReplaceBehavior [ RunTime:0.000084s ]
INFO: [ template_filter ] --END-- [ RunTime:0.000155s ]
INFO: Run Behavior\ParseTemplateBehavior [ RunTime:0.007366s ]
INFO: [ view_parse ] --END-- [ RunTime:0.007397s ]
INFO: [ view_filter ] --START--
INFO: Run Behavior\WriteHtmlCacheBehavior [ RunTime:0.000497s ]
INFO: [ view_filter ] --END-- [ RunTime:0.000514s ]
INFO: [ app_end ] --START--
INFO: Run Behavior\ShowPageTraceBehavior [ RunTime:0.000724s ]
INFO: [ app_end ] --END-- [ RunTime:0.000744s ]

[ 2018-04-12T08:09:39+08:00 ] ::1 /mingjin/admin.php/Index/anjian.html
INFO: [ app_init ] --START--
INFO: Run Behavior\BuildLiteBehavior [ RunTime:0.000006s ]
INFO: [ app_init ] --END-- [ RunTime:0.000514s ]
INFO: [ app_begin ] --START--
INFO: Run Behavior\ReadHtmlCacheBehavior [ RunTime:0.000571s ]
INFO: [ app_begin ] --END-- [ RunTime:0.000591s ]
SQL: SHOW COLUMNS FROM `user` [ RunTime:0.0032s ]
SQL: SELECT * FROM `user` ORDER BY id desc  [ RunTime:0.0004s ]
INFO: [ view_parse ] --START--
INFO: [ template_filter ] --START--
INFO: Run Behavior\ContentReplaceBehavior [ RunTime:0.000031s ]
INFO: [ template_filter ] --END-- [ RunTime:0.000050s ]
INFO: Run Behavior\ParseTemplateBehavior [ RunTime:0.005526s ]
INFO: [ view_parse ] --END-- [ RunTime:0.005546s ]
INFO: [ view_filter ] --START--
INFO: Run Behavior\WriteHtmlCacheBehavior [ RunTime:0.000443s ]
INFO: [ view_filter ] --END-- [ RunTime:0.000460s ]
INFO: [ app_end ] --START--
INFO: Run Behavior\ShowPageTraceBehavior [ RunTime:0.000628s ]
INFO: [ app_end ] --END-- [ RunTime:0.000645s ]

[ 2018-04-12T08:10:01+08:00 ] ::1 /mingjin/admin.php/Index/user.html
INFO: [ app_init ] --START--
INFO: Run Behavior\BuildLiteBehavior [ RunTime:0.000005s ]
INFO: [ app_init ] --END-- [ RunTime:0.000465s ]
INFO: [ app_begin ] --START--
INFO: Run Behavior\ReadHtmlCacheBehavior [ RunTime:0.000618s ]
INFO: [ app_begin ] --END-- [ RunTime:0.000637s ]
SQL: SHOW COLUMNS FROM `user` [ RunTime:0.0024s ]
SQL: SELECT * FROM `user` ORDER BY id desc  [ RunTime:0.0004s ]
INFO: [ view_parse ] --START--
INFO: [ template_filter ] --START--
INFO: Run Behavior\ContentReplaceBehavior [ RunTime:0.000031s ]
INFO: [ template_filter ] --END-- [ RunTime:0.000049s ]
INFO: Run Behavior\ParseTemplateBehavior [ RunTime:0.005795s ]
INFO: [ view_parse ] --END-- [ RunTime:0.005815s ]
INFO: [ view_filter ] --START--
INFO: Run Behavior\WriteHtmlCacheBehavior [ RunTime:0.000427s ]
INFO: [ view_filter ] --END-- [ RunTime:0.000443s ]
INFO: [ app_end ] --START--
INFO: Run Behavior\ShowPageTraceBehavior [ RunTime:0.000620s ]
INFO: [ app_end ] --END-- [ RunTime:0.000637s ]

[ 2018-04-12T08:11:48+08:00 ] ::1 /mingjin/admin.php/Index/manager.html
INFO: [ app_init ] --START--
INFO: Run Behavior\BuildLiteBehavior [ RunTime:0.000025s ]
INFO: [ app_init ] --END-- [ RunTime:0.001129s ]
INFO: [ app_begin ] --START--
INFO: Run Behavior\ReadHtmlCacheBehavior [ RunTime:0.000922s ]
INFO: [ app_begin ] --END-- [ RunTime:0.000964s ]
SQL: SHOW COLUMNS FROM `admin` [ RunTime:0.0029s ]
SQL: SELECT * FROM `admin` ORDER BY id desc  [ RunTime:0.0010s ]
INFO: [ view_parse ] --START--
INFO: [ template_filter ] --START--
INFO: Run Behavior\ContentReplaceBehavior [ RunTime:0.000032s ]
INFO: [ template_filter ] --END-- [ RunTime:0.000057s ]
INFO: Run Behavior\ParseTemplateBehavior [ RunTime:0.007581s ]
INFO: [ view_parse ] --END-- [ RunTime:0.007615s ]
INFO: [ view_filter ] --START--
INFO: Run Behavior\WriteHtmlCacheBehavior [ RunTime:0.000439s ]
INFO: [ view_filter ] --END-- [ RunTime:0.000455s ]
INFO: [ app_end ] --START--
INFO: Run Behavior\ShowPageTraceBehavior [ RunTime:0.000633s ]
INFO: [ app_end ] --END-- [ RunTime:0.000649s ]

[ 2018-04-12T08:11:49+08:00 ] ::1 /mingjin/admin.php/Index/anjian.html
INFO: [ app_init ] --START--
INFO: Run Behavior\BuildLiteBehavior [ RunTime:0.000007s ]
INFO: [ app_init ] --END-- [ RunTime:0.000530s ]
INFO: [ app_begin ] --START--
INFO: Run Behavior\ReadHtmlCacheBehavior [ RunTime:0.000630s ]
INFO: [ app_begin ] --END-- [ RunTime:0.000653s ]
SQL: SHOW COLUMNS FROM `user` [ RunTime:0.0025s ]
SQL: SELECT * FROM `user` ORDER BY id desc  [ RunTime:0.0006s ]
INFO: [ view_parse ] --START--
INFO: [ template_filter ] --START--
INFO: Run Behavior\ContentReplaceBehavior [ RunTime:0.000033s ]
INFO: [ template_filter ] --END-- [ RunTime:0.000059s ]
INFO: Run Behavior\ParseTemplateBehavior [ RunTime:0.008506s ]
INFO: [ view_parse ] --END-- [ RunTime:0.008540s ]
INFO: [ view_filter ] --START--
INFO: Run Behavior\WriteHtmlCacheBehavior [ RunTime:0.000410s ]
INFO: [ view_filter ] --END-- [ RunTime:0.000425s ]
INFO: [ app_end ] --START--
INFO: Run Behavior\ShowPageTraceBehavior [ RunTime:0.000588s ]
INFO: [ app_end ] --END-- [ RunTime:0.000605s ]

[ 2018-04-12T08:11:50+08:00 ] ::1 /mingjin/admin.php/Index/pingjia.html
INFO: [ app_init ] --START--
INFO: Run Behavior\BuildLiteBehavior [ RunTime:0.000007s ]
INFO: [ app_init ] --END-- [ RunTime:0.000506s ]
INFO: [ app_begin ] --START--
INFO: Run Behavior\ReadHtmlCacheBehavior [ RunTime:0.000595s ]
INFO: [ app_begin ] --END-- [ RunTime:0.000615s ]
SQL: SHOW COLUMNS FROM `user` [ RunTime:0.0023s ]
SQL: SELECT * FROM `user` ORDER BY id desc  [ RunTime:0.0004s ]
INFO: [ view_parse ] --START--
INFO: [ template_filter ] --START--
INFO: Run Behavior\ContentReplaceBehavior [ RunTime:0.000032s ]
INFO: [ template_filter ] --END-- [ RunTime:0.000055s ]
INFO: Run Behavior\ParseTemplateBehavior [ RunTime:0.009430s ]
INFO: [ view_parse ] --END-- [ RunTime:0.009452s ]
INFO: [ view_filter ] --START--
INFO: Run Behavior\WriteHtmlCacheBehavior [ RunTime:0.000497s ]
INFO: [ view_filter ] --END-- [ RunTime:0.000514s ]
INFO: [ app_end ] --START--
INFO: Run Behavior\ShowPageTraceBehavior [ RunTime:0.000671s ]
INFO: [ app_end ] --END-- [ RunTime:0.000688s ]

[ 2018-04-12T08:11:58+08:00 ] ::1 /mingjin/admin.php/Index/anjian.html
INFO: [ app_init ] --START--
INFO: Run Behavior\BuildLiteBehavior [ RunTime:0.000007s ]
INFO: [ app_init ] --END-- [ RunTime:0.000478s ]
INFO: [ app_begin ] --START--
INFO: Run Behavior\ReadHtmlCacheBehavior [ RunTime:0.000874s ]
INFO: [ app_begin ] --END-- [ RunTime:0.000923s ]
SQL: SHOW COLUMNS FROM `user` [ RunTime:0.0025s ]
SQL: SELECT * FROM `user` ORDER BY id desc  [ RunTime:0.0004s ]
INFO: [ view_parse ] --START--
INFO: [ template_filter ] --START--
INFO: Run Behavior\ContentReplaceBehavior [ RunTime:0.000032s ]
INFO: [ template_filter ] --END-- [ RunTime:0.000057s ]
INFO: Run Behavior\ParseTemplateBehavior [ RunTime:0.009997s ]
INFO: [ view_parse ] --END-- [ RunTime:0.010017s ]
INFO: [ view_filter ] --START--
INFO: Run Behavior\WriteHtmlCacheBehavior [ RunTime:0.000462s ]
INFO: [ view_filter ] --END-- [ RunTime:0.000479s ]
INFO: [ app_end ] --START--
INFO: Run Behavior\ShowPageTraceBehavior [ RunTime:0.000637s ]
INFO: [ app_end ] --END-- [ RunTime:0.000655s ]

[ 2018-04-12T08:11:59+08:00 ] ::1 /mingjin/admin.php/Index/anjianshow/id/2.html
INFO: [ app_init ] --START--
INFO: Run Behavior\BuildLiteBehavior [ RunTime:0.000009s ]
INFO: [ app_init ] --END-- [ RunTime:0.000752s ]
INFO: [ app_begin ] --START--
INFO: Run Behavior\ReadHtmlCacheBehavior [ RunTime:0.000699s ]
INFO: [ app_begin ] --END-- [ RunTime:0.000734s ]
SQL: SHOW COLUMNS FROM `anjian` [ RunTime:0.0095s ]
SQL: SELECT * FROM `anjian` WHERE `uid` = 2  [ RunTime:0.0007s ]
INFO: [ view_parse ] --START--
INFO: [ template_filter ] --START--
INFO: Run Behavior\ContentReplaceBehavior [ RunTime:0.000033s ]
INFO: [ template_filter ] --END-- [ RunTime:0.000058s ]
NOTIC: [8] Undefined index: password E:\WAMPP\htdocs\mingjin\Application\Runtime\Cache\Admin\115847f76662114209badeff5d647a0d.php 第 62 行.
NOTIC: [8] Undefined index: phone E:\WAMPP\htdocs\mingjin\Application\Runtime\Cache\Admin\115847f76662114209badeff5d647a0d.php 第 63 行.
NOTIC: [8] Undefined index: address E:\WAMPP\htdocs\mingjin\Application\Runtime\Cache\Admin\115847f76662114209badeff5d647a0d.php 第 64 行.
INFO: Run Behavior\ParseTemplateBehavior [ RunTime:0.019301s ]
INFO: [ view_parse ] --END-- [ RunTime:0.019323s ]
INFO: [ view_filter ] --START--
INFO: Run Behavior\WriteHtmlCacheBehavior [ RunTime:0.000482s ]
INFO: [ view_filter ] --END-- [ RunTime:0.000497s ]
INFO: [ app_end ] --START--
INFO: Run Behavior\ShowPageTraceBehavior [ RunTime:0.000652s ]
INFO: [ app_end ] --END-- [ RunTime:0.000668s ]

[ 2018-04-12T08:12:04+08:00 ] ::1 /mingjin/admin.php/Index/manager.html
INFO: [ app_init ] --START--
INFO: Run Behavior\BuildLiteBehavior [ RunTime:0.000008s ]
INFO: [ app_init ] --END-- [ RunTime:0.000672s ]
INFO: [ app_begin ] --START--
INFO: Run Behavior\ReadHtmlCacheBehavior [ RunTime:0.001940s ]
INFO: [ app_begin ] --END-- [ RunTime:0.002052s ]
SQL: SHOW COLUMNS FROM `admin` [ RunTime:0.0032s ]
SQL: SELECT * FROM `admin` ORDER BY id desc  [ RunTime:0.0006s ]
INFO: [ view_parse ] --START--
INFO: [ template_filter ] --START--
INFO: Run Behavior\ContentReplaceBehavior [ RunTime:0.000048s ]
INFO: [ template_filter ] --END-- [ RunTime:0.000077s ]
INFO: Run Behavior\ParseTemplateBehavior [ RunTime:0.010289s ]
INFO: [ view_parse ] --END-- [ RunTime:0.010318s ]
INFO: [ view_filter ] --START--
INFO: Run Behavior\WriteHtmlCacheBehavior [ RunTime:0.000569s ]
INFO: [ view_filter ] --END-- [ RunTime:0.000590s ]
INFO: [ app_end ] --START--
INFO: Run Behavior\ShowPageTraceBehavior [ RunTime:0.000830s ]
INFO: [ app_end ] --END-- [ RunTime:0.000853s ]

[ 2018-04-12T08:12:07+08:00 ] ::1 /mingjin/admin.php/Index/anjian.html
INFO: [ app_init ] --START--
INFO: Run Behavior\BuildLiteBehavior [ RunTime:0.000009s ]
INFO: [ app_init ] --END-- [ RunTime:0.000708s ]
INFO: [ app_begin ] --START--
INFO: Run Behavior\ReadHtmlCacheBehavior [ RunTime:0.001986s ]
INFO: [ app_begin ] --END-- [ RunTime:0.002115s ]
SQL: SHOW COLUMNS FROM `user` [ RunTime:0.0025s ]
SQL: SELECT * FROM `user` ORDER BY id desc  [ RunTime:0.0004s ]
INFO: [ view_parse ] --START--
INFO: [ template_filter ] --START--
INFO: Run Behavior\ContentReplaceBehavior [ RunTime:0.000032s ]
INFO: [ template_filter ] --END-- [ RunTime:0.000058s ]
INFO: Run Behavior\ParseTemplateBehavior [ RunTime:0.009562s ]
INFO: [ view_parse ] --END-- [ RunTime:0.009589s ]
INFO: [ view_filter ] --START--
INFO: Run Behavior\WriteHtmlCacheBehavior [ RunTime:0.000533s ]
INFO: [ view_filter ] --END-- [ RunTime:0.000553s ]
INFO: [ app_end ] --START--
INFO: Run Behavior\ShowPageTraceBehavior [ RunTime:0.000745s ]
INFO: [ app_end ] --END-- [ RunTime:0.000762s ]

[ 2018-04-12T08:12:08+08:00 ] ::1 /mingjin/admin.php/Index/pingjia.html
INFO: [ app_init ] --START--
INFO: Run Behavior\BuildLiteBehavior [ RunTime:0.000007s ]
INFO: [ app_init ] --END-- [ RunTime:0.000499s ]
INFO: [ app_begin ] --START--
INFO: Run Behavior\ReadHtmlCacheBehavior [ RunTime:0.000614s ]
INFO: [ app_begin ] --END-- [ RunTime:0.000635s ]
SQL: SHOW COLUMNS FROM `user` [ RunTime:0.0024s ]
SQL: SELECT * FROM `user` ORDER BY id desc  [ RunTime:0.0005s ]
INFO: [ view_parse ] --START--
INFO: [ template_filter ] --START--
INFO: Run Behavior\ContentReplaceBehavior [ RunTime:0.000034s ]
INFO: [ template_filter ] --END-- [ RunTime:0.000060s ]
INFO: Run Behavior\ParseTemplateBehavior [ RunTime:0.008730s ]
INFO: [ view_parse ] --END-- [ RunTime:0.008764s ]
INFO: [ view_filter ] --START--
INFO: Run Behavior\WriteHtmlCacheBehavior [ RunTime:0.000473s ]
INFO: [ view_filter ] --END-- [ RunTime:0.000489s ]
INFO: [ app_end ] --START--
INFO: Run Behavior\ShowPageTraceBehavior [ RunTime:0.000686s ]
INFO: [ app_end ] --END-- [ RunTime:0.000702s ]

[ 2018-04-12T08:12:09+08:00 ] ::1 /mingjin/admin.php/Index/tousu.html
INFO: [ app_init ] --START--
INFO: Run Behavior\BuildLiteBehavior [ RunTime:0.000009s ]
INFO: [ app_init ] --END-- [ RunTime:0.000652s ]
INFO: [ app_begin ] --START--
INFO: Run Behavior\ReadHtmlCacheBehavior [ RunTime:0.000821s ]
INFO: [ app_begin ] --END-- [ RunTime:0.000849s ]
SQL: SHOW COLUMNS FROM `toushu` [ RunTime:0.0023s ]
SQL: SELECT * FROM `toushu`  [ RunTime:0.0005s ]
SQL: SHOW COLUMNS FROM `user` [ RunTime:0.0060s ]
SQL: SELECT `id`,`name` FROM `user`  [ RunTime:0.0006s ]
NOTIC: [8] Undefined variable: value E:\WAMPP\htdocs\mingjin\Application\Admin\Controller\IndexController.class.php 第 345 行.
NOTIC: [8] Undefined variable: value E:\WAMPP\htdocs\mingjin\Application\Admin\Controller\IndexController.class.php 第 345 行.
NOTIC: [8] Undefined variable: value E:\WAMPP\htdocs\mingjin\Application\Admin\Controller\IndexController.class.php 第 345 行.
NOTIC: [8] Undefined variable: value E:\WAMPP\htdocs\mingjin\Application\Admin\Controller\IndexController.class.php 第 345 行.
NOTIC: [8] Undefined variable: value E:\WAMPP\htdocs\mingjin\Application\Admin\Controller\IndexController.class.php 第 345 行.
NOTIC: [8] Undefined variable: value E:\WAMPP\htdocs\mingjin\Application\Admin\Controller\IndexController.class.php 第 345 行.
INFO: [ view_parse ] --START--
INFO: [ template_filter ] --START--
INFO: Run Behavior\ContentReplaceBehavior [ RunTime:0.000032s ]
INFO: [ template_filter ] --END-- [ RunTime:0.000052s ]
NOTIC: [8] Undefined index: password E:\WAMPP\htdocs\mingjin\Application\Runtime\Cache\Admin\6a6a16367fd9a3615e9874de7e351384.php 第 62 行.
NOTIC: [8] Undefined index: phone E:\WAMPP\htdocs\mingjin\Application\Runtime\Cache\Admin\6a6a16367fd9a3615e9874de7e351384.php 第 63 行.
NOTIC: [8] Undefined index: address E:\WAMPP\htdocs\mingjin\Application\Runtime\Cache\Admin\6a6a16367fd9a3615e9874de7e351384.php 第 64 行.
NOTIC: [8] Undefined index: password E:\WAMPP\htdocs\mingjin\Application\Runtime\Cache\Admin\6a6a16367fd9a3615e9874de7e351384.php 第 62 行.
NOTIC: [8] Undefined index: phone E:\WAMPP\htdocs\mingjin\Application\Runtime\Cache\Admin\6a6a16367fd9a3615e9874de7e351384.php 第 63 行.
NOTIC: [8] Undefined index: address E:\WAMPP\htdocs\mingjin\Application\Runtime\Cache\Admin\6a6a16367fd9a3615e9874de7e351384.php 第 64 行.
NOTIC: [8] Undefined index: password E:\WAMPP\htdocs\mingjin\Application\Runtime\Cache\Admin\6a6a16367fd9a3615e9874de7e351384.php 第 62 行.
NOTIC: [8] Undefined index: phone E:\WAMPP\htdocs\mingjin\Application\Runtime\Cache\Admin\6a6a16367fd9a3615e9874de7e351384.php 第 63 行.
NOTIC: [8] Undefined index: address E:\WAMPP\htdocs\mingjin\Application\Runtime\Cache\Admin\6a6a16367fd9a3615e9874de7e351384.php 第 64 行.
NOTIC: [8] Undefined index: password E:\WAMPP\htdocs\mingjin\Application\Runtime\Cache\Admin\6a6a16367fd9a3615e9874de7e351384.php 第 62 行.
NOTIC: [8] Undefined index: phone E:\WAMPP\htdocs\mingjin\Application\Runtime\Cache\Admin\6a6a16367fd9a3615e9874de7e351384.php 第 63 行.
NOTIC: [8] Undefined index: address E:\WAMPP\htdocs\mingjin\Application\Runtime\Cache\Admin\6a6a16367fd9a3615e9874de7e351384.php 第 64 行.
NOTIC: [8] Undefined index: password E:\WAMPP\htdocs\mingjin\Application\Runtime\Cache\Admin\6a6a16367fd9a3615e9874de7e351384.php 第 62 行.
NOTIC: [8] Undefined index: phone E:\WAMPP\htdocs\mingjin\Application\Runtime\Cache\Admin\6a6a16367fd9a3615e9874de7e351384.php 第 63 行.
NOTIC: [8] Undefined index: address E:\WAMPP\htdocs\mingjin\Application\Runtime\Cache\Admin\6a6a16367fd9a3615e9874de7e351384.php 第 64 行.
NOTIC: [8] Undefined index: password E:\WAMPP\htdocs\mingjin\Application\Runtime\Cache\Admin\6a6a16367fd9a3615e9874de7e351384.php 第 62 行.
NOTIC: [8] Undefined index: phone E:\WAMPP\htdocs\mingjin\Application\Runtime\Cache\Admin\6a6a16367fd9a3615e9874de7e351384.php 第 63 行.
NOTIC: [8] Undefined index: address E:\WAMPP\htdocs\mingjin\Application\Runtime\Cache\Admin\6a6a16367fd9a3615e9874de7e351384.php 第 64 行.
INFO: Run Behavior\ParseTemplateBehavior [ RunTime:0.005843s ]
INFO: [ view_parse ] --END-- [ RunTime:0.005863s ]
INFO: [ view_filter ] --START--
INFO: Run Behavior\WriteHtmlCacheBehavior [ RunTime:0.000452s ]
INFO: [ view_filter ] --END-- [ RunTime:0.000468s ]
INFO: [ app_end ] --START--
INFO: Run Behavior\ShowPageTraceBehavior [ RunTime:0.000665s ]
INFO: [ app_end ] --END-- [ RunTime:0.000682s ]

[ 2018-04-12T08:12:11+08:00 ] ::1 /mingjin/admin.php/Index/pingjia.html
INFO: [ app_init ] --START--
INFO: Run Behavior\BuildLiteBehavior [ RunTime:0.000019s ]
INFO: [ app_init ] --END-- [ RunTime:0.000644s ]
INFO: [ app_begin ] --START--
INFO: Run Behavior\ReadHtmlCacheBehavior [ RunTime:0.001337s ]
INFO: [ app_begin ] --END-- [ RunTime:0.001397s ]
SQL: SHOW COLUMNS FROM `user` [ RunTime:0.0027s ]
SQL: SELECT * FROM `user` ORDER BY id desc  [ RunTime:0.0004s ]
INFO: [ view_parse ] --START--
INFO: [ template_filter ] --START--
INFO: Run Behavior\ContentReplaceBehavior [ RunTime:0.000039s ]
INFO: [ template_filter ] --END-- [ RunTime:0.000073s ]
INFO: Run Behavior\ParseTemplateBehavior [ RunTime:0.007787s ]
INFO: [ view_parse ] --END-- [ RunTime:0.007864s ]
INFO: [ view_filter ] --START--
INFO: Run Behavior\WriteHtmlCacheBehavior [ RunTime:0.001157s ]
INFO: [ view_filter ] --END-- [ RunTime:0.001217s ]
INFO: [ app_end ] --START--
INFO: Run Behavior\ShowPageTraceBehavior [ RunTime:0.001029s ]
INFO: [ app_end ] --END-- [ RunTime:0.001048s ]

[ 2018-04-12T08:14:44+08:00 ] ::1 /mingjin/admin.php/Index/tousu.html
INFO: [ app_init ] --START--
INFO: Run Behavior\BuildLiteBehavior [ RunTime:0.000028s ]
INFO: [ app_init ] --END-- [ RunTime:0.003059s ]
INFO: [ app_begin ] --START--
INFO: Run Behavior\ReadHtmlCacheBehavior [ RunTime:0.002325s ]
INFO: [ app_begin ] --END-- [ RunTime:0.002403s ]
SQL: SHOW COLUMNS FROM `toushu` [ RunTime:0.0068s ]
SQL: SELECT * FROM `toushu`  [ RunTime:0.0005s ]
SQL: SHOW COLUMNS FROM `user` [ RunTime:0.0032s ]
SQL: SELECT `id`,`name` FROM `user`  [ RunTime:0.0004s ]
NOTIC: [8] Undefined variable: value E:\WAMPP\htdocs\mingjin\Application\Admin\Controller\IndexController.class.php 第 345 行.
NOTIC: [8] Undefined variable: value E:\WAMPP\htdocs\mingjin\Application\Admin\Controller\IndexController.class.php 第 345 行.
NOTIC: [8] Undefined variable: value E:\WAMPP\htdocs\mingjin\Application\Admin\Controller\IndexController.class.php 第 345 行.
NOTIC: [8] Undefined variable: value E:\WAMPP\htdocs\mingjin\Application\Admin\Controller\IndexController.class.php 第 345 行.
NOTIC: [8] Undefined variable: value E:\WAMPP\htdocs\mingjin\Application\Admin\Controller\IndexController.class.php 第 345 行.
NOTIC: [8] Undefined variable: value E:\WAMPP\htdocs\mingjin\Application\Admin\Controller\IndexController.class.php 第 345 行.
INFO: [ view_parse ] --START--
INFO: [ template_filter ] --START--
INFO: Run Behavior\ContentReplaceBehavior [ RunTime:0.000044s ]
INFO: [ template_filter ] --END-- [ RunTime:0.000078s ]
NOTIC: [8] Undefined index: password E:\WAMPP\htdocs\mingjin\Application\Runtime\Cache\Admin\6a6a16367fd9a3615e9874de7e351384.php 第 62 行.
NOTIC: [8] Undefined index: phone E:\WAMPP\htdocs\mingjin\Application\Runtime\Cache\Admin\6a6a16367fd9a3615e9874de7e351384.php 第 63 行.
NOTIC: [8] Undefined index: address E:\WAMPP\htdocs\mingjin\Application\Runtime\Cache\Admin\6a6a16367fd9a3615e9874de7e351384.php 第 64 行.
NOTIC: [8] Undefined index: password E:\WAMPP\htdocs\mingjin\Application\Runtime\Cache\Admin\6a6a16367fd9a3615e9874de7e351384.php 第 62 行.
NOTIC: [8] Undefined index: phone E:\WAMPP\htdocs\mingjin\Application\Runtime\Cache\Admin\6a6a16367fd9a3615e9874de7e351384.php 第 63 行.
NOTIC: [8] Undefined index: address E:\WAMPP\htdocs\mingjin\Application\Runtime\Cache\Admin\6a6a16367fd9a3615e9874de7e351384.php 第 64 行.
NOTIC: [8] Undefined index: password E:\WAMPP\htdocs\mingjin\Application\Runtime\Cache\Admin\6a6a16367fd9a3615e9874de7e351384.php 第 62 行.
NOTIC: [8] Undefined index: phone E:\WAMPP\htdocs\mingjin\Application\Runtime\Cache\Admin\6a6a16367fd9a3615e9874de7e351384.php 第 63 行.
NOTIC: [8] Undefined index: address E:\WAMPP\htdocs\mingjin\Application\Runtime\Cache\Admin\6a6a16367fd9a3615e9874de7e351384.php 第 64 行.
NOTIC: [8] Undefined index: password E:\WAMPP\htdocs\mingjin\Application\Runtime\Cache\Admin\6a6a16367fd9a3615e9874de7e351384.php 第 62 行.
NOTIC: [8] Undefined index: phone E:\WAMPP\htdocs\mingjin\Application\Runtime\Cache\Admin\6a6a16367fd9a3615e9874de7e351384.php 第 63 行.
NOTIC: [8] Undefined index: address E:\WAMPP\htdocs\mingjin\Application\Runtime\Cache\Admin\6a6a16367fd9a3615e9874de7e351384.php 第 64 行.
NOTIC: [8] Undefined index: password E:\WAMPP\htdocs\mingjin\Application\Runtime\Cache\Admin\6a6a16367fd9a3615e9874de7e351384.php 第 62 行.
NOTIC: [8] Undefined index: phone E:\WAMPP\htdocs\mingjin\Application\Runtime\Cache\Admin\6a6a16367fd9a3615e9874de7e351384.php 第 63 行.
NOTIC: [8] Undefined index: address E:\WAMPP\htdocs\mingjin\Application\Runtime\Cache\Admin\6a6a16367fd9a3615e9874de7e351384.php 第 64 行.
NOTIC: [8] Undefined index: password E:\WAMPP\htdocs\mingjin\Application\Runtime\Cache\Admin\6a6a16367fd9a3615e9874de7e351384.php 第 62 行.
NOTIC: [8] Undefined index: phone E:\WAMPP\htdocs\mingjin\Application\Runtime\Cache\Admin\6a6a16367fd9a3615e9874de7e351384.php 第 63 行.
NOTIC: [8] Undefined index: address E:\WAMPP\htdocs\mingjin\Application\Runtime\Cache\Admin\6a6a16367fd9a3615e9874de7e351384.php 第 64 行.
INFO: Run Behavior\ParseTemplateBehavior [ RunTime:0.008491s ]
INFO: [ view_parse ] --END-- [ RunTime:0.008521s ]
INFO: [ view_filter ] --START--
INFO: Run Behavior\WriteHtmlCacheBehavior [ RunTime:0.001072s ]
INFO: [ view_filter ] --END-- [ RunTime:0.001122s ]
INFO: [ app_end ] --START--
INFO: Run Behavior\ShowPageTraceBehavior [ RunTime:0.001574s ]
INFO: [ app_end ] --END-- [ RunTime:0.001615s ]

[ 2018-04-12T08:14:48+08:00 ] ::1 /mingjin/admin.php/Index/tousu.html
INFO: [ app_init ] --START--
INFO: Run Behavior\BuildLiteBehavior [ RunTime:0.000006s ]
INFO: [ app_init ] --END-- [ RunTime:0.000470s ]
INFO: [ app_begin ] --START--
INFO: Run Behavior\ReadHtmlCacheBehavior [ RunTime:0.000613s ]
INFO: [ app_begin ] --END-- [ RunTime:0.000634s ]
SQL: SHOW COLUMNS FROM `toushu` [ RunTime:0.0024s ]
SQL: SELECT * FROM `toushu`  [ RunTime:0.0004s ]
SQL: SHOW COLUMNS FROM `user` [ RunTime:0.0023s ]
SQL: SELECT `id`,`name` FROM `user`  [ RunTime:0.0004s ]
NOTIC: [8] Undefined variable: value E:\WAMPP\htdocs\mingjin\Application\Admin\Controller\IndexController.class.php 第 345 行.
NOTIC: [8] Undefined variable: value E:\WAMPP\htdocs\mingjin\Application\Admin\Controller\IndexController.class.php 第 345 行.
NOTIC: [8] Undefined variable: value E:\WAMPP\htdocs\mingjin\Application\Admin\Controller\IndexController.class.php 第 345 行.
NOTIC: [8] Undefined variable: value E:\WAMPP\htdocs\mingjin\Application\Admin\Controller\IndexController.class.php 第 345 行.
NOTIC: [8] Undefined variable: value E:\WAMPP\htdocs\mingjin\Application\Admin\Controller\IndexController.class.php 第 345 行.
NOTIC: [8] Undefined variable: value E:\WAMPP\htdocs\mingjin\Application\Admin\Controller\IndexController.class.php 第 345 行.
INFO: [ view_parse ] --START--
INFO: [ template_filter ] --START--
INFO: Run Behavior\ContentReplaceBehavior [ RunTime:0.000033s ]
INFO: [ template_filter ] --END-- [ RunTime:0.000056s ]
NOTIC: [8] Undefined index: password E:\WAMPP\htdocs\mingjin\Application\Runtime\Cache\Admin\6a6a16367fd9a3615e9874de7e351384.php 第 62 行.
NOTIC: [8] Undefined index: phone E:\WAMPP\htdocs\mingjin\Application\Runtime\Cache\Admin\6a6a16367fd9a3615e9874de7e351384.php 第 63 行.
NOTIC: [8] Undefined index: address E:\WAMPP\htdocs\mingjin\Application\Runtime\Cache\Admin\6a6a16367fd9a3615e9874de7e351384.php 第 64 行.
NOTIC: [8] Undefined index: password E:\WAMPP\htdocs\mingjin\Application\Runtime\Cache\Admin\6a6a16367fd9a3615e9874de7e351384.php 第 62 行.
NOTIC: [8] Undefined index: phone E:\WAMPP\htdocs\mingjin\Application\Runtime\Cache\Admin\6a6a16367fd9a3615e9874de7e351384.php 第 63 行.
NOTIC: [8] Undefined index: address E:\WAMPP\htdocs\mingjin\Application\Runtime\Cache\Admin\6a6a16367fd9a3615e9874de7e351384.php 第 64 行.
NOTIC: [8] Undefined index: password E:\WAMPP\htdocs\mingjin\Application\Runtime\Cache\Admin\6a6a16367fd9a3615e9874de7e351384.php 第 62 行.
NOTIC: [8] Undefined index: phone E:\WAMPP\htdocs\mingjin\Application\Runtime\Cache\Admin\6a6a16367fd9a3615e9874de7e351384.php 第 63 行.
NOTIC: [8] Undefined index: address E:\WAMPP\htdocs\mingjin\Application\Runtime\Cache\Admin\6a6a16367fd9a3615e9874de7e351384.php 第 64 行.
NOTIC: [8] Undefined index: password E:\WAMPP\htdocs\mingjin\Application\Runtime\Cache\Admin\6a6a16367fd9a3615e9874de7e351384.php 第 62 行.
NOTIC: [8] Undefined index: phone E:\WAMPP\htdocs\mingjin\Application\Runtime\Cache\Admin\6a6a16367fd9a3615e9874de7e351384.php 第 63 行.
NOTIC: [8] Undefined index: address E:\WAMPP\htdocs\mingjin\Application\Runtime\Cache\Admin\6a6a16367fd9a3615e9874de7e351384.php 第 64 行.
NOTIC: [8] Undefined index: password E:\WAMPP\htdocs\mingjin\Application\Runtime\Cache\Admin\6a6a16367fd9a3615e9874de7e351384.php 第 62 行.
NOTIC: [8] Undefined index: phone E:\WAMPP\htdocs\mingjin\Application\Runtime\Cache\Admin\6a6a16367fd9a3615e9874de7e351384.php 第 63 行.
NOTIC: [8] Undefined index: address E:\WAMPP\htdocs\mingjin\Application\Runtime\Cache\Admin\6a6a16367fd9a3615e9874de7e351384.php 第 64 行.
NOTIC: [8] Undefined index: password E:\WAMPP\htdocs\mingjin\Application\Runtime\Cache\Admin\6a6a16367fd9a3615e9874de7e351384.php 第 62 行.
NOTIC: [8] Undefined index: phone E:\WAMPP\htdocs\mingjin\Application\Runtime\Cache\Admin\6a6a16367fd9a3615e9874de7e351384.php 第 63 行.
NOTIC: [8] Undefined index: address E:\WAMPP\htdocs\mingjin\Application\Runtime\Cache\Admin\6a6a16367fd9a3615e9874de7e351384.php 第 64 行.
INFO: Run Behavior\ParseTemplateBehavior [ RunTime:0.007713s ]
INFO: [ view_parse ] --END-- [ RunTime:0.007741s ]
INFO: [ view_filter ] --START--
INFO: Run Behavior\WriteHtmlCacheBehavior [ RunTime:0.000429s ]
INFO: [ view_filter ] --END-- [ RunTime:0.000445s ]
INFO: [ app_end ] --START--
INFO: Run Behavior\ShowPageTraceBehavior [ RunTime:0.000596s ]
INFO: [ app_end ] --END-- [ RunTime:0.000611s ]

[ 2018-04-12T08:14:49+08:00 ] ::1 /mingjin/admin.php/Index/pingjia.html
INFO: [ app_init ] --START--
INFO: Run Behavior\BuildLiteBehavior [ RunTime:0.000006s ]
INFO: [ app_init ] --END-- [ RunTime:0.000568s ]
INFO: [ app_begin ] --START--
INFO: Run Behavior\ReadHtmlCacheBehavior [ RunTime:0.000655s ]
INFO: [ app_begin ] --END-- [ RunTime:0.000677s ]
SQL: SHOW COLUMNS FROM `user` [ RunTime:0.0023s ]
SQL: SELECT * FROM `user` ORDER BY id desc  [ RunTime:0.0004s ]
INFO: [ view_parse ] --START--
INFO: [ template_filter ] --START--
INFO: Run Behavior\ContentReplaceBehavior [ RunTime:0.000031s ]
INFO: [ template_filter ] --END-- [ RunTime:0.000048s ]
INFO: Run Behavior\ParseTemplateBehavior [ RunTime:0.005559s ]
INFO: [ view_parse ] --END-- [ RunTime:0.005578s ]
INFO: [ view_filter ] --START--
INFO: Run Behavior\WriteHtmlCacheBehavior [ RunTime:0.000438s ]
INFO: [ view_filter ] --END-- [ RunTime:0.000454s ]
INFO: [ app_end ] --START--
INFO: Run Behavior\ShowPageTraceBehavior [ RunTime:0.000727s ]
INFO: [ app_end ] --END-- [ RunTime:0.000748s ]

[ 2018-04-12T08:14:50+08:00 ] ::1 /mingjin/admin.php/Index/anjian.html
INFO: [ app_init ] --START--
INFO: Run Behavior\BuildLiteBehavior [ RunTime:0.000026s ]
INFO: [ app_init ] --END-- [ RunTime:0.000965s ]
INFO: [ app_begin ] --START--
INFO: Run Behavior\ReadHtmlCacheBehavior [ RunTime:0.001014s ]
INFO: [ app_begin ] --END-- [ RunTime:0.001062s ]
SQL: SHOW COLUMNS FROM `user` [ RunTime:0.0029s ]
SQL: SELECT * FROM `user` ORDER BY id desc  [ RunTime:0.0004s ]
INFO: [ view_parse ] --START--
INFO: [ template_filter ] --START--
INFO: Run Behavior\ContentReplaceBehavior [ RunTime:0.000041s ]
INFO: [ template_filter ] --END-- [ RunTime:0.000069s ]
INFO: Run Behavior\ParseTemplateBehavior [ RunTime:0.009044s ]
INFO: [ view_parse ] --END-- [ RunTime:0.009069s ]
INFO: [ view_filter ] --START--
INFO: Run Behavior\WriteHtmlCacheBehavior [ RunTime:0.000551s ]
INFO: [ view_filter ] --END-- [ RunTime:0.000574s ]
INFO: [ app_end ] --START--
INFO: Run Behavior\ShowPageTraceBehavior [ RunTime:0.000806s ]
INFO: [ app_end ] --END-- [ RunTime:0.000828s ]

[ 2018-04-12T08:14:50+08:00 ] ::1 /mingjin/admin.php/Index/manager.html
INFO: [ app_init ] --START--
INFO: Run Behavior\BuildLiteBehavior [ RunTime:0.000007s ]
INFO: [ app_init ] --END-- [ RunTime:0.000629s ]
INFO: [ app_begin ] --START--
INFO: Run Behavior\ReadHtmlCacheBehavior [ RunTime:0.000741s ]
INFO: [ app_begin ] --END-- [ RunTime:0.000766s ]
SQL: SHOW COLUMNS FROM `admin` [ RunTime:0.0022s ]
SQL: SELECT * FROM `admin` ORDER BY id desc  [ RunTime:0.0003s ]
INFO: [ view_parse ] --START--
INFO: [ template_filter ] --START--
INFO: Run Behavior\ContentReplaceBehavior [ RunTime:0.000035s ]
INFO: [ template_filter ] --END-- [ RunTime:0.000068s ]
INFO: Run Behavior\ParseTemplateBehavior [ RunTime:0.007918s ]
INFO: [ view_parse ] --END-- [ RunTime:0.007943s ]
INFO: [ view_filter ] --START--
INFO: Run Behavior\WriteHtmlCacheBehavior [ RunTime:0.000482s ]
INFO: [ view_filter ] --END-- [ RunTime:0.000498s ]
INFO: [ app_end ] --START--
INFO: Run Behavior\ShowPageTraceBehavior [ RunTime:0.000706s ]
INFO: [ app_end ] --END-- [ RunTime:0.000726s ]

[ 2018-04-12T08:14:51+08:00 ] ::1 /mingjin/admin.php/Index/user.html
INFO: [ app_init ] --START--
INFO: Run Behavior\BuildLiteBehavior [ RunTime:0.000006s ]
INFO: [ app_init ] --END-- [ RunTime:0.000410s ]
INFO: [ app_begin ] --START--
INFO: Run Behavior\ReadHtmlCacheBehavior [ RunTime:0.000540s ]
INFO: [ app_begin ] --END-- [ RunTime:0.000560s ]
SQL: SHOW COLUMNS FROM `user` [ RunTime:0.0025s ]
SQL: SELECT * FROM `user` ORDER BY id desc  [ RunTime:0.0004s ]
INFO: [ view_parse ] --START--
INFO: [ template_filter ] --START--
INFO: Run Behavior\ContentReplaceBehavior [ RunTime:0.000031s ]
INFO: [ template_filter ] --END-- [ RunTime:0.000049s ]
INFO: Run Behavior\ParseTemplateBehavior [ RunTime:0.005953s ]
INFO: [ view_parse ] --END-- [ RunTime:0.005973s ]
INFO: [ view_filter ] --START--
INFO: Run Behavior\WriteHtmlCacheBehavior [ RunTime:0.000490s ]
INFO: [ view_filter ] --END-- [ RunTime:0.000507s ]
INFO: [ app_end ] --START--
INFO: Run Behavior\ShowPageTraceBehavior [ RunTime:0.000689s ]
INFO: [ app_end ] --END-- [ RunTime:0.000706s ]

[ 2018-04-12T08:14:52+08:00 ] ::1 /mingjin/admin.php/Index/manager.html
INFO: [ app_init ] --START--
INFO: Run Behavior\BuildLiteBehavior [ RunTime:0.000007s ]
INFO: [ app_init ] --END-- [ RunTime:0.000597s ]
INFO: [ app_begin ] --START--
INFO: Run Behavior\ReadHtmlCacheBehavior [ RunTime:0.000795s ]
INFO: [ app_begin ] --END-- [ RunTime:0.000819s ]
SQL: SHOW COLUMNS FROM `admin` [ RunTime:0.0040s ]
SQL: SELECT * FROM `admin` ORDER BY id desc  [ RunTime:0.0007s ]
INFO: [ view_parse ] --START--
INFO: [ template_filter ] --START--
INFO: Run Behavior\ContentReplaceBehavior [ RunTime:0.000033s ]
INFO: [ template_filter ] --END-- [ RunTime:0.000056s ]
INFO: Run Behavior\ParseTemplateBehavior [ RunTime:0.005942s ]
INFO: [ view_parse ] --END-- [ RunTime:0.005964s ]
INFO: [ view_filter ] --START--
INFO: Run Behavior\WriteHtmlCacheBehavior [ RunTime:0.000416s ]
INFO: [ view_filter ] --END-- [ RunTime:0.000432s ]
INFO: [ app_end ] --START--
INFO: Run Behavior\ShowPageTraceBehavior [ RunTime:0.000607s ]
INFO: [ app_end ] --END-- [ RunTime:0.000623s ]

[ 2018-04-12T08:14:53+08:00 ] ::1 /mingjin/admin.php/Index/anjian.html
INFO: [ app_init ] --START--
INFO: Run Behavior\BuildLiteBehavior [ RunTime:0.000007s ]
INFO: [ app_init ] --END-- [ RunTime:0.000592s ]
INFO: [ app_begin ] --START--
INFO: Run Behavior\ReadHtmlCacheBehavior [ RunTime:0.001257s ]
INFO: [ app_begin ] --END-- [ RunTime:0.001326s ]
SQL: SHOW COLUMNS FROM `user` [ RunTime:0.0026s ]
SQL: SELECT * FROM `user` ORDER BY id desc  [ RunTime:0.0004s ]
INFO: [ view_parse ] --START--
INFO: [ template_filter ] --START--
INFO: Run Behavior\ContentReplaceBehavior [ RunTime:0.000068s ]
INFO: [ template_filter ] --END-- [ RunTime:0.000121s ]
INFO: Run Behavior\ParseTemplateBehavior [ RunTime:0.007554s ]
INFO: [ view_parse ] --END-- [ RunTime:0.007615s ]
INFO: [ view_filter ] --START--
INFO: Run Behavior\WriteHtmlCacheBehavior [ RunTime:0.000705s ]
INFO: [ view_filter ] --END-- [ RunTime:0.000729s ]
INFO: [ app_end ] --START--
INFO: Run Behavior\ShowPageTraceBehavior [ RunTime:0.000710s ]
INFO: [ app_end ] --END-- [ RunTime:0.000730s ]

[ 2018-04-12T08:14:53+08:00 ] ::1 /mingjin/admin.php/Index/pingjia.html
INFO: [ app_init ] --START--
INFO: Run Behavior\BuildLiteBehavior [ RunTime:0.000007s ]
INFO: [ app_init ] --END-- [ RunTime:0.000619s ]
INFO: [ app_begin ] --START--
INFO: Run Behavior\ReadHtmlCacheBehavior [ RunTime:0.000797s ]
INFO: [ app_begin ] --END-- [ RunTime:0.000823s ]
SQL: SHOW COLUMNS FROM `user` [ RunTime:0.0029s ]
SQL: SELECT * FROM `user` ORDER BY id desc  [ RunTime:0.0004s ]
INFO: [ view_parse ] --START--
INFO: [ template_filter ] --START--
INFO: Run Behavior\ContentReplaceBehavior [ RunTime:0.000038s ]
INFO: [ template_filter ] --END-- [ RunTime:0.000061s ]
INFO: Run Behavior\ParseTemplateBehavior [ RunTime:0.007075s ]
INFO: [ view_parse ] --END-- [ RunTime:0.007103s ]
INFO: [ view_filter ] --START--
INFO: Run Behavior\WriteHtmlCacheBehavior [ RunTime:0.001007s ]
INFO: [ view_filter ] --END-- [ RunTime:0.001039s ]
INFO: [ app_end ] --START--
INFO: Run Behavior\ShowPageTraceBehavior [ RunTime:0.001445s ]
INFO: [ app_end ] --END-- [ RunTime:0.001485s ]

[ 2018-04-12T08:14:54+08:00 ] ::1 /mingjin/admin.php/Index/tousu.html
INFO: [ app_init ] --START--
INFO: Run Behavior\BuildLiteBehavior [ RunTime:0.000007s ]
INFO: [ app_init ] --END-- [ RunTime:0.000586s ]
INFO: [ app_begin ] --START--
INFO: Run Behavior\ReadHtmlCacheBehavior [ RunTime:0.001163s ]
INFO: [ app_begin ] --END-- [ RunTime:0.001219s ]
SQL: SHOW COLUMNS FROM `toushu` [ RunTime:0.0025s ]
SQL: SELECT * FROM `toushu`  [ RunTime:0.0005s ]
SQL: SHOW COLUMNS FROM `user` [ RunTime:0.0025s ]
SQL: SELECT `id`,`name` FROM `user`  [ RunTime:0.0003s ]
NOTIC: [8] Undefined variable: value E:\WAMPP\htdocs\mingjin\Application\Admin\Controller\IndexController.class.php 第 345 行.
NOTIC: [8] Undefined variable: value E:\WAMPP\htdocs\mingjin\Application\Admin\Controller\IndexController.class.php 第 345 行.
NOTIC: [8] Undefined variable: value E:\WAMPP\htdocs\mingjin\Application\Admin\Controller\IndexController.class.php 第 345 行.
NOTIC: [8] Undefined variable: value E:\WAMPP\htdocs\mingjin\Application\Admin\Controller\IndexController.class.php 第 345 行.
NOTIC: [8] Undefined variable: value E:\WAMPP\htdocs\mingjin\Application\Admin\Controller\IndexController.class.php 第 345 行.
NOTIC: [8] Undefined variable: value E:\WAMPP\htdocs\mingjin\Application\Admin\Controller\IndexController.class.php 第 345 行.
INFO: [ view_parse ] --START--
INFO: [ template_filter ] --START--
INFO: Run Behavior\ContentReplaceBehavior [ RunTime:0.000030s ]
INFO: [ template_filter ] --END-- [ RunTime:0.000048s ]
NOTIC: [8] Undefined index: password E:\WAMPP\htdocs\mingjin\Application\Runtime\Cache\Admin\6a6a16367fd9a3615e9874de7e351384.php 第 62 行.
NOTIC: [8] Undefined index: phone E:\WAMPP\htdocs\mingjin\Application\Runtime\Cache\Admin\6a6a16367fd9a3615e9874de7e351384.php 第 63 行.
NOTIC: [8] Undefined index: address E:\WAMPP\htdocs\mingjin\Application\Runtime\Cache\Admin\6a6a16367fd9a3615e9874de7e351384.php 第 64 行.
NOTIC: [8] Undefined index: password E:\WAMPP\htdocs\mingjin\Application\Runtime\Cache\Admin\6a6a16367fd9a3615e9874de7e351384.php 第 62 行.
NOTIC: [8] Undefined index: phone E:\WAMPP\htdocs\mingjin\Application\Runtime\Cache\Admin\6a6a16367fd9a3615e9874de7e351384.php 第 63 行.
NOTIC: [8] Undefined index: address E:\WAMPP\htdocs\mingjin\Application\Runtime\Cache\Admin\6a6a16367fd9a3615e9874de7e351384.php 第 64 行.
NOTIC: [8] Undefined index: password E:\WAMPP\htdocs\mingjin\Application\Runtime\Cache\Admin\6a6a16367fd9a3615e9874de7e351384.php 第 62 行.
NOTIC: [8] Undefined index: phone E:\WAMPP\htdocs\mingjin\Application\Runtime\Cache\Admin\6a6a16367fd9a3615e9874de7e351384.php 第 63 行.
NOTIC: [8] Undefined index: address E:\WAMPP\htdocs\mingjin\Application\Runtime\Cache\Admin\6a6a16367fd9a3615e9874de7e351384.php 第 64 行.
NOTIC: [8] Undefined index: password E:\WAMPP\htdocs\mingjin\Application\Runtime\Cache\Admin\6a6a16367fd9a3615e9874de7e351384.php 第 62 行.
NOTIC: [8] Undefined index: phone E:\WAMPP\htdocs\mingjin\Application\Runtime\Cache\Admin\6a6a16367fd9a3615e9874de7e351384.php 第 63 行.
NOTIC: [8] Undefined index: address E:\WAMPP\htdocs\mingjin\Application\Runtime\Cache\Admin\6a6a16367fd9a3615e9874de7e351384.php 第 64 行.
NOTIC: [8] Undefined index: password E:\WAMPP\htdocs\mingjin\Application\Runtime\Cache\Admin\6a6a16367fd9a3615e9874de7e351384.php 第 62 行.
NOTIC: [8] Undefined index: phone E:\WAMPP\htdocs\mingjin\Application\Runtime\Cache\Admin\6a6a16367fd9a3615e9874de7e351384.php 第 63 行.
NOTIC: [8] Undefined index: address E:\WAMPP\htdocs\mingjin\Application\Runtime\Cache\Admin\6a6a16367fd9a3615e9874de7e351384.php 第 64 行.
NOTIC: [8] Undefined index: password E:\WAMPP\htdocs\mingjin\Application\Runtime\Cache\Admin\6a6a16367fd9a3615e9874de7e351384.php 第 62 行.
NOTIC: [8] Undefined index: phone E:\WAMPP\htdocs\mingjin\Application\Runtime\Cache\Admin\6a6a16367fd9a3615e9874de7e351384.php 第 63 行.
NOTIC: [8] Undefined index: address E:\WAMPP\htdocs\mingjin\Application\Runtime\Cache\Admin\6a6a16367fd9a3615e9874de7e351384.php 第 64 行.
INFO: Run Behavior\ParseTemplateBehavior [ RunTime:0.005755s ]
INFO: [ view_parse ] --END-- [ RunTime:0.005788s ]
INFO: [ view_filter ] --START--
INFO: Run Behavior\WriteHtmlCacheBehavior [ RunTime:0.000876s ]
INFO: [ view_filter ] --END-- [ RunTime:0.000907s ]
INFO: [ app_end ] --START--
INFO: Run Behavior\ShowPageTraceBehavior [ RunTime:0.001069s ]
INFO: [ app_end ] --END-- [ RunTime:0.001103s ]

[ 2018-04-12T08:15:17+08:00 ] ::1 /mingjin/admin.php/Index/manager.html
INFO: [ app_init ] --START--
INFO: Run Behavior\BuildLiteBehavior [ RunTime:0.000007s ]
INFO: [ app_init ] --END-- [ RunTime:0.000629s ]
INFO: [ app_begin ] --START--
INFO: Run Behavior\ReadHtmlCacheBehavior [ RunTime:0.000660s ]
INFO: [ app_begin ] --END-- [ RunTime:0.000680s ]
SQL: SHOW COLUMNS FROM `admin` [ RunTime:0.0037s ]
SQL: SELECT * FROM `admin` ORDER BY id desc  [ RunTime:0.0007s ]
INFO: [ view_parse ] --START--
INFO: [ template_filter ] --START--
INFO: Run Behavior\ContentReplaceBehavior [ RunTime:0.000032s ]
INFO: [ template_filter ] --END-- [ RunTime:0.000057s ]
INFO: Run Behavior\ParseTemplateBehavior [ RunTime:0.005997s ]
INFO: [ view_parse ] --END-- [ RunTime:0.006022s ]
INFO: [ view_filter ] --START--
INFO: Run Behavior\WriteHtmlCacheBehavior [ RunTime:0.000457s ]
INFO: [ view_filter ] --END-- [ RunTime:0.000472s ]
INFO: [ app_end ] --START--
INFO: Run Behavior\ShowPageTraceBehavior [ RunTime:0.000641s ]
INFO: [ app_end ] --END-- [ RunTime:0.000657s ]

[ 2018-04-12T08:15:20+08:00 ] ::1 /mingjin/admin.php/Index/anjian.html
INFO: [ app_init ] --START--
INFO: Run Behavior\BuildLiteBehavior [ RunTime:0.000007s ]
INFO: [ app_init ] --END-- [ RunTime:0.000633s ]
INFO: [ app_begin ] --START--
INFO: Run Behavior\ReadHtmlCacheBehavior [ RunTime:0.000812s ]
INFO: [ app_begin ] --END-- [ RunTime:0.000838s ]
SQL: SHOW COLUMNS FROM `user` [ RunTime:0.0044s ]
SQL: SELECT * FROM `user` ORDER BY id desc  [ RunTime:0.0006s ]
INFO: [ view_parse ] --START--
INFO: [ template_filter ] --START--
INFO: Run Behavior\ContentReplaceBehavior [ RunTime:0.000031s ]
INFO: [ template_filter ] --END-- [ RunTime:0.000052s ]
INFO: Run Behavior\ParseTemplateBehavior [ RunTime:0.005534s ]
INFO: [ view_parse ] --END-- [ RunTime:0.005556s ]
INFO: [ view_filter ] --START--
INFO: Run Behavior\WriteHtmlCacheBehavior [ RunTime:0.000446s ]
INFO: [ view_filter ] --END-- [ RunTime:0.000462s ]
INFO: [ app_end ] --START--
INFO: Run Behavior\ShowPageTraceBehavior [ RunTime:0.000624s ]
INFO: [ app_end ] --END-- [ RunTime:0.000641s ]

[ 2018-04-12T08:15:21+08:00 ] ::1 /mingjin/admin.php/Index/pingjia.html
INFO: [ app_init ] --START--
INFO: Run Behavior\BuildLiteBehavior [ RunTime:0.000016s ]
INFO: [ app_init ] --END-- [ RunTime:0.000912s ]
INFO: [ app_begin ] --START--
INFO: Run Behavior\ReadHtmlCacheBehavior [ RunTime:0.000793s ]
INFO: [ app_begin ] --END-- [ RunTime:0.000819s ]
SQL: SHOW COLUMNS FROM `user` [ RunTime:0.0031s ]
SQL: SELECT * FROM `user` ORDER BY id desc  [ RunTime:0.0009s ]
INFO: [ view_parse ] --START--
INFO: [ template_filter ] --START--
INFO: Run Behavior\ContentReplaceBehavior [ RunTime:0.000039s ]
INFO: [ template_filter ] --END-- [ RunTime:0.000068s ]
INFO: Run Behavior\ParseTemplateBehavior [ RunTime:0.008108s ]
INFO: [ view_parse ] --END-- [ RunTime:0.008138s ]
INFO: [ view_filter ] --START--
INFO: Run Behavior\WriteHtmlCacheBehavior [ RunTime:0.000539s ]
INFO: [ view_filter ] --END-- [ RunTime:0.000560s ]
INFO: [ app_end ] --START--
INFO: Run Behavior\ShowPageTraceBehavior [ RunTime:0.000775s ]
INFO: [ app_end ] --END-- [ RunTime:0.000797s ]

[ 2018-04-12T08:15:23+08:00 ] ::1 /mingjin/admin.php/Index/tousu.html
INFO: [ app_init ] --START--
INFO: Run Behavior\BuildLiteBehavior [ RunTime:0.000006s ]
INFO: [ app_init ] --END-- [ RunTime:0.000508s ]
INFO: [ app_begin ] --START--
INFO: Run Behavior\ReadHtmlCacheBehavior [ RunTime:0.000682s ]
INFO: [ app_begin ] --END-- [ RunTime:0.000701s ]
SQL: SHOW COLUMNS FROM `toushu` [ RunTime:0.0033s ]
SQL: SELECT * FROM `toushu`  [ RunTime:0.0004s ]
SQL: SHOW COLUMNS FROM `user` [ RunTime:0.0023s ]
SQL: SELECT `id`,`name` FROM `user`  [ RunTime:0.0004s ]
NOTIC: [8] Undefined variable: value E:\WAMPP\htdocs\mingjin\Application\Admin\Controller\IndexController.class.php 第 345 行.
NOTIC: [8] Undefined variable: value E:\WAMPP\htdocs\mingjin\Application\Admin\Controller\IndexController.class.php 第 345 行.
NOTIC: [8] Undefined variable: value E:\WAMPP\htdocs\mingjin\Application\Admin\Controller\IndexController.class.php 第 345 行.
NOTIC: [8] Undefined variable: value E:\WAMPP\htdocs\mingjin\Application\Admin\Controller\IndexController.class.php 第 345 行.
NOTIC: [8] Undefined variable: value E:\WAMPP\htdocs\mingjin\Application\Admin\Controller\IndexController.class.php 第 345 行.
NOTIC: [8] Undefined variable: value E:\WAMPP\htdocs\mingjin\Application\Admin\Controller\IndexController.class.php 第 345 行.
INFO: [ view_parse ] --START--
INFO: [ template_filter ] --START--
INFO: Run Behavior\ContentReplaceBehavior [ RunTime:0.000030s ]
INFO: [ template_filter ] --END-- [ RunTime:0.000050s ]
NOTIC: [8] Undefined index: password E:\WAMPP\htdocs\mingjin\Application\Runtime\Cache\Admin\6a6a16367fd9a3615e9874de7e351384.php 第 62 行.
NOTIC: [8] Undefined index: phone E:\WAMPP\htdocs\mingjin\Application\Runtime\Cache\Admin\6a6a16367fd9a3615e9874de7e351384.php 第 63 行.
NOTIC: [8] Undefined index: address E:\WAMPP\htdocs\mingjin\Application\Runtime\Cache\Admin\6a6a16367fd9a3615e9874de7e351384.php 第 64 行.
NOTIC: [8] Undefined index: password E:\WAMPP\htdocs\mingjin\Application\Runtime\Cache\Admin\6a6a16367fd9a3615e9874de7e351384.php 第 62 行.
NOTIC: [8] Undefined index: phone E:\WAMPP\htdocs\mingjin\Application\Runtime\Cache\Admin\6a6a16367fd9a3615e9874de7e351384.php 第 63 行.
NOTIC: [8] Undefined index: address E:\WAMPP\htdocs\mingjin\Application\Runtime\Cache\Admin\6a6a16367fd9a3615e9874de7e351384.php 第 64 行.
NOTIC: [8] Undefined index: password E:\WAMPP\htdocs\mingjin\Application\Runtime\Cache\Admin\6a6a16367fd9a3615e9874de7e351384.php 第 62 行.
NOTIC: [8] Undefined index: phone E:\WAMPP\htdocs\mingjin\Application\Runtime\Cache\Admin\6a6a16367fd9a3615e9874de7e351384.php 第 63 行.
NOTIC: [8] Undefined index: address E:\WAMPP\htdocs\mingjin\Application\Runtime\Cache\Admin\6a6a16367fd9a3615e9874de7e351384.php 第 64 行.
NOTIC: [8] Undefined index: password E:\WAMPP\htdocs\mingjin\Application\Runtime\Cache\Admin\6a6a16367fd9a3615e9874de7e351384.php 第 62 行.
NOTIC: [8] Undefined index: phone E:\WAMPP\htdocs\mingjin\Application\Runtime\Cache\Admin\6a6a16367fd9a3615e9874de7e351384.php 第 63 行.
NOTIC: [8] Undefined index: address E:\WAMPP\htdocs\mingjin\Application\Runtime\Cache\Admin\6a6a16367fd9a3615e9874de7e351384.php 第 64 行.
NOTIC: [8] Undefined index: password E:\WAMPP\htdocs\mingjin\Application\Runtime\Cache\Admin\6a6a16367fd9a3615e9874de7e351384.php 第 62 行.
NOTIC: [8] Undefined index: phone E:\WAMPP\htdocs\mingjin\Application\Runtime\Cache\Admin\6a6a16367fd9a3615e9874de7e351384.php 第 63 行.
NOTIC: [8] Undefined index: address E:\WAMPP\htdocs\mingjin\Application\Runtime\Cache\Admin\6a6a16367fd9a3615e9874de7e351384.php 第 64 行.
NOTIC: [8] Undefined index: password E:\WAMPP\htdocs\mingjin\Application\Runtime\Cache\Admin\6a6a16367fd9a3615e9874de7e351384.php 第 62 行.
NOTIC: [8] Undefined index: phone E:\WAMPP\htdocs\mingjin\Application\Runtime\Cache\Admin\6a6a16367fd9a3615e9874de7e351384.php 第 63 行.
NOTIC: [8] Undefined index: address E:\WAMPP\htdocs\mingjin\Application\Runtime\Cache\Admin\6a6a16367fd9a3615e9874de7e351384.php 第 64 行.
INFO: Run Behavior\ParseTemplateBehavior [ RunTime:0.005677s ]
INFO: [ view_parse ] --END-- [ RunTime:0.005696s ]
INFO: [ view_filter ] --START--
INFO: Run Behavior\WriteHtmlCacheBehavior [ RunTime:0.000509s ]
INFO: [ view_filter ] --END-- [ RunTime:0.000529s ]
INFO: [ app_end ] --START--
INFO: Run Behavior\ShowPageTraceBehavior [ RunTime:0.000848s ]
INFO: [ app_end ] --END-- [ RunTime:0.000871s ]

[ 2018-04-12T08:15:58+08:00 ] ::1 /mingjin/admin.php/Index/tousu.html
INFO: [ app_init ] --START--
INFO: Run Behavior\BuildLiteBehavior [ RunTime:0.000007s ]
INFO: [ app_init ] --END-- [ RunTime:0.000639s ]
INFO: [ app_begin ] --START--
INFO: Run Behavior\ReadHtmlCacheBehavior [ RunTime:0.000777s ]
INFO: [ app_begin ] --END-- [ RunTime:0.000802s ]
SQL: SHOW COLUMNS FROM `toushu` [ RunTime:0.0027s ]
SQL: SELECT * FROM `toushu`  [ RunTime:0.0004s ]
SQL: SHOW COLUMNS FROM `user` [ RunTime:0.0025s ]
SQL: SELECT `id`,`name` FROM `user`  [ RunTime:0.0003s ]
NOTIC: [8] Undefined variable: value E:\WAMPP\htdocs\mingjin\Application\Admin\Controller\IndexController.class.php 第 345 行.
NOTIC: [8] Undefined variable: value E:\WAMPP\htdocs\mingjin\Application\Admin\Controller\IndexController.class.php 第 345 行.
NOTIC: [8] Undefined variable: value E:\WAMPP\htdocs\mingjin\Application\Admin\Controller\IndexController.class.php 第 345 行.
NOTIC: [8] Undefined variable: value E:\WAMPP\htdocs\mingjin\Application\Admin\Controller\IndexController.class.php 第 345 行.
NOTIC: [8] Undefined variable: value E:\WAMPP\htdocs\mingjin\Application\Admin\Controller\IndexController.class.php 第 345 行.
NOTIC: [8] Undefined variable: value E:\WAMPP\htdocs\mingjin\Application\Admin\Controller\IndexController.class.php 第 345 行.
INFO: [ view_parse ] --START--
INFO: [ template_filter ] --START--
INFO: Run Behavior\ContentReplaceBehavior [ RunTime:0.000040s ]
INFO: [ template_filter ] --END-- [ RunTime:0.000069s ]
NOTIC: [8] Undefined index: password E:\WAMPP\htdocs\mingjin\Application\Runtime\Cache\Admin\6a6a16367fd9a3615e9874de7e351384.php 第 62 行.
NOTIC: [8] Undefined index: phone E:\WAMPP\htdocs\mingjin\Application\Runtime\Cache\Admin\6a6a16367fd9a3615e9874de7e351384.php 第 63 行.
NOTIC: [8] Undefined index: address E:\WAMPP\htdocs\mingjin\Application\Runtime\Cache\Admin\6a6a16367fd9a3615e9874de7e351384.php 第 64 行.
NOTIC: [8] Undefined index: password E:\WAMPP\htdocs\mingjin\Application\Runtime\Cache\Admin\6a6a16367fd9a3615e9874de7e351384.php 第 62 行.
NOTIC: [8] Undefined index: phone E:\WAMPP\htdocs\mingjin\Application\Runtime\Cache\Admin\6a6a16367fd9a3615e9874de7e351384.php 第 63 行.
NOTIC: [8] Undefined index: address E:\WAMPP\htdocs\mingjin\Application\Runtime\Cache\Admin\6a6a16367fd9a3615e9874de7e351384.php 第 64 行.
NOTIC: [8] Undefined index: password E:\WAMPP\htdocs\mingjin\Application\Runtime\Cache\Admin\6a6a16367fd9a3615e9874de7e351384.php 第 62 行.
NOTIC: [8] Undefined index: phone E:\WAMPP\htdocs\mingjin\Application\Runtime\Cache\Admin\6a6a16367fd9a3615e9874de7e351384.php 第 63 行.
NOTIC: [8] Undefined index: address E:\WAMPP\htdocs\mingjin\Application\Runtime\Cache\Admin\6a6a16367fd9a3615e9874de7e351384.php 第 64 行.
NOTIC: [8] Undefined index: password E:\WAMPP\htdocs\mingjin\Application\Runtime\Cache\Admin\6a6a16367fd9a3615e9874de7e351384.php 第 62 行.
NOTIC: [8] Undefined index: phone E:\WAMPP\htdocs\mingjin\Application\Runtime\Cache\Admin\6a6a16367fd9a3615e9874de7e351384.php 第 63 行.
NOTIC: [8] Undefined index: address E:\WAMPP\htdocs\mingjin\Application\Runtime\Cache\Admin\6a6a16367fd9a3615e9874de7e351384.php 第 64 行.
NOTIC: [8] Undefined index: password E:\WAMPP\htdocs\mingjin\Application\Runtime\Cache\Admin\6a6a16367fd9a3615e9874de7e351384.php 第 62 行.
NOTIC: [8] Undefined index: phone E:\WAMPP\htdocs\mingjin\Application\Runtime\Cache\Admin\6a6a16367fd9a3615e9874de7e351384.php 第 63 行.
NOTIC: [8] Undefined index: address E:\WAMPP\htdocs\mingjin\Application\Runtime\Cache\Admin\6a6a16367fd9a3615e9874de7e351384.php 第 64 行.
NOTIC: [8] Undefined index: password E:\WAMPP\htdocs\mingjin\Application\Runtime\Cache\Admin\6a6a16367fd9a3615e9874de7e351384.php 第 62 行.
NOTIC: [8] Undefined index: phone E:\WAMPP\htdocs\mingjin\Application\Runtime\Cache\Admin\6a6a16367fd9a3615e9874de7e351384.php 第 63 行.
NOTIC: [8] Undefined index: address E:\WAMPP\htdocs\mingjin\Application\Runtime\Cache\Admin\6a6a16367fd9a3615e9874de7e351384.php 第 64 行.
INFO: Run Behavior\ParseTemplateBehavior [ RunTime:0.008258s ]
INFO: [ view_parse ] --END-- [ RunTime:0.008287s ]
INFO: [ view_filter ] --START--
INFO: Run Behavior\WriteHtmlCacheBehavior [ RunTime:0.000652s ]
INFO: [ view_filter ] --END-- [ RunTime:0.000672s ]
INFO: [ app_end ] --START--
INFO: Run Behavior\ShowPageTraceBehavior [ RunTime:0.000806s ]
INFO: [ app_end ] --END-- [ RunTime:0.000828s ]

[ 2018-04-12T08:15:58+08:00 ] ::1 /mingjin/admin.php/Index/tousu.html
INFO: [ app_init ] --START--
INFO: Run Behavior\BuildLiteBehavior [ RunTime:0.000007s ]
INFO: [ app_init ] --END-- [ RunTime:0.000562s ]
INFO: [ app_begin ] --START--
INFO: Run Behavior\ReadHtmlCacheBehavior [ RunTime:0.000741s ]
INFO: [ app_begin ] --END-- [ RunTime:0.000766s ]
SQL: SHOW COLUMNS FROM `toushu` [ RunTime:0.0021s ]
SQL: SELECT * FROM `toushu`  [ RunTime:0.0003s ]
SQL: SHOW COLUMNS FROM `user` [ RunTime:0.0036s ]
SQL: SELECT `id`,`name` FROM `user`  [ RunTime:0.0006s ]
NOTIC: [8] Undefined variable: value E:\WAMPP\htdocs\mingjin\Application\Admin\Controller\IndexController.class.php 第 345 行.
NOTIC: [8] Undefined variable: value E:\WAMPP\htdocs\mingjin\Application\Admin\Controller\IndexController.class.php 第 345 行.
NOTIC: [8] Undefined variable: value E:\WAMPP\htdocs\mingjin\Application\Admin\Controller\IndexController.class.php 第 345 行.
NOTIC: [8] Undefined variable: value E:\WAMPP\htdocs\mingjin\Application\Admin\Controller\IndexController.class.php 第 345 行.
NOTIC: [8] Undefined variable: value E:\WAMPP\htdocs\mingjin\Application\Admin\Controller\IndexController.class.php 第 345 行.
NOTIC: [8] Undefined variable: value E:\WAMPP\htdocs\mingjin\Application\Admin\Controller\IndexController.class.php 第 345 行.
INFO: [ view_parse ] --START--
INFO: [ template_filter ] --START--
INFO: Run Behavior\ContentReplaceBehavior [ RunTime:0.000032s ]
INFO: [ template_filter ] --END-- [ RunTime:0.000057s ]
NOTIC: [8] Undefined index: password E:\WAMPP\htdocs\mingjin\Application\Runtime\Cache\Admin\6a6a16367fd9a3615e9874de7e351384.php 第 62 行.
NOTIC: [8] Undefined index: phone E:\WAMPP\htdocs\mingjin\Application\Runtime\Cache\Admin\6a6a16367fd9a3615e9874de7e351384.php 第 63 行.
NOTIC: [8] Undefined index: address E:\WAMPP\htdocs\mingjin\Application\Runtime\Cache\Admin\6a6a16367fd9a3615e9874de7e351384.php 第 64 行.
NOTIC: [8] Undefined index: password E:\WAMPP\htdocs\mingjin\Application\Runtime\Cache\Admin\6a6a16367fd9a3615e9874de7e351384.php 第 62 行.
NOTIC: [8] Undefined index: phone E:\WAMPP\htdocs\mingjin\Application\Runtime\Cache\Admin\6a6a16367fd9a3615e9874de7e351384.php 第 63 行.
NOTIC: [8] Undefined index: address E:\WAMPP\htdocs\mingjin\Application\Runtime\Cache\Admin\6a6a16367fd9a3615e9874de7e351384.php 第 64 行.
NOTIC: [8] Undefined index: password E:\WAMPP\htdocs\mingjin\Application\Runtime\Cache\Admin\6a6a16367fd9a3615e9874de7e351384.php 第 62 行.
NOTIC: [8] Undefined index: phone E:\WAMPP\htdocs\mingjin\Application\Runtime\Cache\Admin\6a6a16367fd9a3615e9874de7e351384.php 第 63 行.
NOTIC: [8] Undefined index: address E:\WAMPP\htdocs\mingjin\Application\Runtime\Cache\Admin\6a6a16367fd9a3615e9874de7e351384.php 第 64 行.
NOTIC: [8] Undefined index: password E:\WAMPP\htdocs\mingjin\Application\Runtime\Cache\Admin\6a6a16367fd9a3615e9874de7e351384.php 第 62 行.
NOTIC: [8] Undefined index: phone E:\WAMPP\htdocs\mingjin\Application\Runtime\Cache\Admin\6a6a16367fd9a3615e9874de7e351384.php 第 63 行.
NOTIC: [8] Undefined index: address E:\WAMPP\htdocs\mingjin\Application\Runtime\Cache\Admin\6a6a16367fd9a3615e9874de7e351384.php 第 64 行.
NOTIC: [8] Undefined index: password E:\WAMPP\htdocs\mingjin\Application\Runtime\Cache\Admin\6a6a16367fd9a3615e9874de7e351384.php 第 62 行.
NOTIC: [8] Undefined index: phone E:\WAMPP\htdocs\mingjin\Application\Runtime\Cache\Admin\6a6a16367fd9a3615e9874de7e351384.php 第 63 行.
NOTIC: [8] Undefined index: address E:\WAMPP\htdocs\mingjin\Application\Runtime\Cache\Admin\6a6a16367fd9a3615e9874de7e351384.php 第 64 行.
NOTIC: [8] Undefined index: password E:\WAMPP\htdocs\mingjin\Application\Runtime\Cache\Admin\6a6a16367fd9a3615e9874de7e351384.php 第 62 行.
NOTIC: [8] Undefined index: phone E:\WAMPP\htdocs\mingjin\Application\Runtime\Cache\Admin\6a6a16367fd9a3615e9874de7e351384.php 第 63 行.
NOTIC: [8] Undefined index: address E:\WAMPP\htdocs\mingjin\Application\Runtime\Cache\Admin\6a6a16367fd9a3615e9874de7e351384.php 第 64 行.
INFO: Run Behavior\ParseTemplateBehavior [ RunTime:0.005982s ]
INFO: [ view_parse ] --END-- [ RunTime:0.006008s ]
INFO: [ view_filter ] --START--
INFO: Run Behavior\WriteHtmlCacheBehavior [ RunTime:0.000498s ]
INFO: [ view_filter ] --END-- [ RunTime:0.000514s ]
INFO: [ app_end ] --START--
INFO: Run Behavior\ShowPageTraceBehavior [ RunTime:0.000691s ]
INFO: [ app_end ] --END-- [ RunTime:0.000707s ]

[ 2018-04-12T08:15:59+08:00 ] ::1 /mingjin/admin.php/Index/tousu.html
INFO: [ app_init ] --START--
INFO: Run Behavior\BuildLiteBehavior [ RunTime:0.000007s ]
INFO: [ app_init ] --END-- [ RunTime:0.000532s ]
INFO: [ app_begin ] --START--
INFO: Run Behavior\ReadHtmlCacheBehavior [ RunTime:0.000793s ]
INFO: [ app_begin ] --END-- [ RunTime:0.000819s ]
SQL: SHOW COLUMNS FROM `toushu` [ RunTime:0.0022s ]
SQL: SELECT * FROM `toushu`  [ RunTime:0.0003s ]
SQL: SHOW COLUMNS FROM `user` [ RunTime:0.0035s ]
SQL: SELECT `id`,`name` FROM `user`  [ RunTime:0.0004s ]
NOTIC: [8] Undefined variable: value E:\WAMPP\htdocs\mingjin\Application\Admin\Controller\IndexController.class.php 第 345 行.
NOTIC: [8] Undefined variable: value E:\WAMPP\htdocs\mingjin\Application\Admin\Controller\IndexController.class.php 第 345 行.
NOTIC: [8] Undefined variable: value E:\WAMPP\htdocs\mingjin\Application\Admin\Controller\IndexController.class.php 第 345 行.
NOTIC: [8] Undefined variable: value E:\WAMPP\htdocs\mingjin\Application\Admin\Controller\IndexController.class.php 第 345 行.
NOTIC: [8] Undefined variable: value E:\WAMPP\htdocs\mingjin\Application\Admin\Controller\IndexController.class.php 第 345 行.
NOTIC: [8] Undefined variable: value E:\WAMPP\htdocs\mingjin\Application\Admin\Controller\IndexController.class.php 第 345 行.
INFO: [ view_parse ] --START--
INFO: [ template_filter ] --START--
INFO: Run Behavior\ContentReplaceBehavior [ RunTime:0.000033s ]
INFO: [ template_filter ] --END-- [ RunTime:0.000056s ]
NOTIC: [8] Undefined index: password E:\WAMPP\htdocs\mingjin\Application\Runtime\Cache\Admin\6a6a16367fd9a3615e9874de7e351384.php 第 62 行.
NOTIC: [8] Undefined index: phone E:\WAMPP\htdocs\mingjin\Application\Runtime\Cache\Admin\6a6a16367fd9a3615e9874de7e351384.php 第 63 行.
NOTIC: [8] Undefined index: address E:\WAMPP\htdocs\mingjin\Application\Runtime\Cache\Admin\6a6a16367fd9a3615e9874de7e351384.php 第 64 行.
NOTIC: [8] Undefined index: password E:\WAMPP\htdocs\mingjin\Application\Runtime\Cache\Admin\6a6a16367fd9a3615e9874de7e351384.php 第 62 行.
NOTIC: [8] Undefined index: phone E:\WAMPP\htdocs\mingjin\Application\Runtime\Cache\Admin\6a6a16367fd9a3615e9874de7e351384.php 第 63 行.
NOTIC: [8] Undefined index: address E:\WAMPP\htdocs\mingjin\Application\Runtime\Cache\Admin\6a6a16367fd9a3615e9874de7e351384.php 第 64 行.
NOTIC: [8] Undefined index: password E:\WAMPP\htdocs\mingjin\Application\Runtime\Cache\Admin\6a6a16367fd9a3615e9874de7e351384.php 第 62 行.
NOTIC: [8] Undefined index: phone E:\WAMPP\htdocs\mingjin\Application\Runtime\Cache\Admin\6a6a16367fd9a3615e9874de7e351384.php 第 63 行.
NOTIC: [8] Undefined index: address E:\WAMPP\htdocs\mingjin\Application\Runtime\Cache\Admin\6a6a16367fd9a3615e9874de7e351384.php 第 64 行.
NOTIC: [8] Undefined index: password E:\WAMPP\htdocs\mingjin\Application\Runtime\Cache\Admin\6a6a16367fd9a3615e9874de7e351384.php 第 62 行.
NOTIC: [8] Undefined index: phone E:\WAMPP\htdocs\mingjin\Application\Runtime\Cache\Admin\6a6a16367fd9a3615e9874de7e351384.php 第 63 行.
NOTIC: [8] Undefined index: address E:\WAMPP\htdocs\mingjin\Application\Runtime\Cache\Admin\6a6a16367fd9a3615e9874de7e351384.php 第 64 行.
NOTIC: [8] Undefined index: password E:\WAMPP\htdocs\mingjin\Application\Runtime\Cache\Admin\6a6a16367fd9a3615e9874de7e351384.php 第 62 行.
NOTIC: [8] Undefined index: phone E:\WAMPP\htdocs\mingjin\Application\Runtime\Cache\Admin\6a6a16367fd9a3615e9874de7e351384.php 第 63 行.
NOTIC: [8] Undefined index: address E:\WAMPP\htdocs\mingjin\Application\Runtime\Cache\Admin\6a6a16367fd9a3615e9874de7e351384.php 第 64 行.
NOTIC: [8] Undefined index: password E:\WAMPP\htdocs\mingjin\Application\Runtime\Cache\Admin\6a6a16367fd9a3615e9874de7e351384.php 第 62 行.
NOTIC: [8] Undefined index: phone E:\WAMPP\htdocs\mingjin\Application\Runtime\Cache\Admin\6a6a16367fd9a3615e9874de7e351384.php 第 63 行.
NOTIC: [8] Undefined index: address E:\WAMPP\htdocs\mingjin\Application\Runtime\Cache\Admin\6a6a16367fd9a3615e9874de7e351384.php 第 64 行.
INFO: Run Behavior\ParseTemplateBehavior [ RunTime:0.006129s ]
INFO: [ view_parse ] --END-- [ RunTime:0.006149s ]
INFO: [ view_filter ] --START--
INFO: Run Behavior\WriteHtmlCacheBehavior [ RunTime:0.000423s ]
INFO: [ view_filter ] --END-- [ RunTime:0.000438s ]
INFO: [ app_end ] --START--
INFO: Run Behavior\ShowPageTraceBehavior [ RunTime:0.000590s ]
INFO: [ app_end ] --END-- [ RunTime:0.000607s ]

[ 2018-04-12T08:15:59+08:00 ] ::1 /mingjin/admin.php/Index/pingjia.html
INFO: [ app_init ] --START--
INFO: Run Behavior\BuildLiteBehavior [ RunTime:0.000008s ]
INFO: [ app_init ] --END-- [ RunTime:0.000641s ]
INFO: [ app_begin ] --START--
INFO: Run Behavior\ReadHtmlCacheBehavior [ RunTime:0.000815s ]
INFO: [ app_begin ] --END-- [ RunTime:0.000839s ]
SQL: SHOW COLUMNS FROM `user` [ RunTime:0.0024s ]
SQL: SELECT * FROM `user` ORDER BY id desc  [ RunTime:0.0003s ]
INFO: [ view_parse ] --START--
INFO: [ template_filter ] --START--
INFO: Run Behavior\ContentReplaceBehavior [ RunTime:0.000032s ]
INFO: [ template_filter ] --END-- [ RunTime:0.000056s ]
INFO: Run Behavior\ParseTemplateBehavior [ RunTime:0.007281s ]
INFO: [ view_parse ] --END-- [ RunTime:0.007306s ]
INFO: [ view_filter ] --START--
INFO: Run Behavior\WriteHtmlCacheBehavior [ RunTime:0.000512s ]
INFO: [ view_filter ] --END-- [ RunTime:0.000528s ]
INFO: [ app_end ] --START--
INFO: Run Behavior\ShowPageTraceBehavior [ RunTime:0.000685s ]
INFO: [ app_end ] --END-- [ RunTime:0.000706s ]

[ 2018-04-12T08:16:00+08:00 ] ::1 /mingjin/admin.php/Index/anjian.html
INFO: [ app_init ] --START--
INFO: Run Behavior\BuildLiteBehavior [ RunTime:0.000005s ]
INFO: [ app_init ] --END-- [ RunTime:0.000419s ]
INFO: [ app_begin ] --START--
INFO: Run Behavior\ReadHtmlCacheBehavior [ RunTime:0.000549s ]
INFO: [ app_begin ] --END-- [ RunTime:0.000568s ]
SQL: SHOW COLUMNS FROM `user` [ RunTime:0.0024s ]
SQL: SELECT * FROM `user` ORDER BY id desc  [ RunTime:0.0003s ]
INFO: [ view_parse ] --START--
INFO: [ template_filter ] --START--
INFO: Run Behavior\ContentReplaceBehavior [ RunTime:0.000032s ]
INFO: [ template_filter ] --END-- [ RunTime:0.000054s ]
INFO: Run Behavior\ParseTemplateBehavior [ RunTime:0.007083s ]
INFO: [ view_parse ] --END-- [ RunTime:0.007107s ]
INFO: [ view_filter ] --START--
INFO: Run Behavior\WriteHtmlCacheBehavior [ RunTime:0.000597s ]
INFO: [ view_filter ] --END-- [ RunTime:0.000615s ]
INFO: [ app_end ] --START--
INFO: Run Behavior\ShowPageTraceBehavior [ RunTime:0.000663s ]
INFO: [ app_end ] --END-- [ RunTime:0.000680s ]

[ 2018-04-12T08:16:00+08:00 ] ::1 /mingjin/admin.php/Index/manager.html
INFO: [ app_init ] --START--
INFO: Run Behavior\BuildLiteBehavior [ RunTime:0.000008s ]
INFO: [ app_init ] --END-- [ RunTime:0.000582s ]
INFO: [ app_begin ] --START--
INFO: Run Behavior\ReadHtmlCacheBehavior [ RunTime:0.000819s ]
INFO: [ app_begin ] --END-- [ RunTime:0.000843s ]
SQL: SHOW COLUMNS FROM `admin` [ RunTime:0.0022s ]
SQL: SELECT * FROM `admin` ORDER BY id desc  [ RunTime:0.0003s ]
INFO: [ view_parse ] --START--
INFO: [ template_filter ] --START--
INFO: Run Behavior\ContentReplaceBehavior [ RunTime:0.000033s ]
INFO: [ template_filter ] --END-- [ RunTime:0.000057s ]
INFO: Run Behavior\ParseTemplateBehavior [ RunTime:0.008063s ]
INFO: [ view_parse ] --END-- [ RunTime:0.008082s ]
INFO: [ view_filter ] --START--
INFO: Run Behavior\WriteHtmlCacheBehavior [ RunTime:0.000439s ]
INFO: [ view_filter ] --END-- [ RunTime:0.000454s ]
INFO: [ app_end ] --START--
INFO: Run Behavior\ShowPageTraceBehavior [ RunTime:0.000635s ]
INFO: [ app_end ] --END-- [ RunTime:0.000651s ]

[ 2018-04-12T08:16:01+08:00 ] ::1 /mingjin/admin.php/Index/user.html
INFO: [ app_init ] --START--
INFO: Run Behavior\BuildLiteBehavior [ RunTime:0.000007s ]
INFO: [ app_init ] --END-- [ RunTime:0.000605s ]
INFO: [ app_begin ] --START--
INFO: Run Behavior\ReadHtmlCacheBehavior [ RunTime:0.000797s ]
INFO: [ app_begin ] --END-- [ RunTime:0.000823s ]
SQL: SHOW COLUMNS FROM `user` [ RunTime:0.0024s ]
SQL: SELECT * FROM `user` ORDER BY id desc  [ RunTime:0.0004s ]
INFO: [ view_parse ] --START--
INFO: [ template_filter ] --START--
INFO: Run Behavior\ContentReplaceBehavior [ RunTime:0.000032s ]
INFO: [ template_filter ] --END-- [ RunTime:0.000056s ]
INFO: Run Behavior\ParseTemplateBehavior [ RunTime:0.007567s ]
INFO: [ view_parse ] --END-- [ RunTime:0.007603s ]
INFO: [ view_filter ] --START--
INFO: Run Behavior\WriteHtmlCacheBehavior [ RunTime:0.000428s ]
INFO: [ view_filter ] --END-- [ RunTime:0.000442s ]
INFO: [ app_end ] --START--
INFO: Run Behavior\ShowPageTraceBehavior [ RunTime:0.000592s ]
INFO: [ app_end ] --END-- [ RunTime:0.000609s ]

[ 2018-04-12T16:10:02+08:00 ] ::1 /mingjin/admin.php
INFO: [ app_init ] --START--
INFO: Run Behavior\BuildLiteBehavior [ RunTime:0.000011s ]
INFO: [ app_init ] --END-- [ RunTime:0.000544s ]
INFO: [ app_begin ] --START--
INFO: Run Behavior\ReadHtmlCacheBehavior [ RunTime:0.000848s ]
INFO: [ app_begin ] --END-- [ RunTime:0.000902s ]
INFO: [ view_parse ] --START--
INFO: [ template_filter ] --START--
INFO: Run Behavior\ContentReplaceBehavior [ RunTime:0.000025s ]
INFO: [ template_filter ] --END-- [ RunTime:0.000052s ]
INFO: Run Behavior\ParseTemplateBehavior [ RunTime:0.046688s ]
INFO: [ view_parse ] --END-- [ RunTime:0.046725s ]
INFO: [ view_filter ] --START--
INFO: Run Behavior\WriteHtmlCacheBehavior [ RunTime:0.000571s ]
INFO: [ view_filter ] --END-- [ RunTime:0.000588s ]
INFO: [ app_end ] --START--
INFO: Run Behavior\ShowPageTraceBehavior [ RunTime:0.000722s ]
INFO: [ app_end ] --END-- [ RunTime:0.000740s ]

[ 2018-04-12T16:18:55+08:00 ] ::1 /mingjin/admin.php
INFO: [ app_init ] --START--
INFO: Run Behavior\BuildLiteBehavior [ RunTime:0.000016s ]
INFO: [ app_init ] --END-- [ RunTime:0.032157s ]
INFO: [ app_begin ] --START--
INFO: Run Behavior\ReadHtmlCacheBehavior [ RunTime:0.001362s ]
INFO: [ app_begin ] --END-- [ RunTime:0.001420s ]
INFO: [ view_parse ] --START--
INFO: [ template_filter ] --START--
INFO: Run Behavior\ContentReplaceBehavior [ RunTime:0.001311s ]
INFO: [ template_filter ] --END-- [ RunTime:0.001370s ]
INFO: Run Behavior\ParseTemplateBehavior [ RunTime:0.075588s ]
INFO: [ view_parse ] --END-- [ RunTime:0.075643s ]
INFO: [ view_filter ] --START--
INFO: Run Behavior\WriteHtmlCacheBehavior [ RunTime:0.009066s ]
INFO: [ view_filter ] --END-- [ RunTime:0.009113s ]
INFO: [ app_end ] --START--
INFO: Run Behavior\ShowPageTraceBehavior [ RunTime:0.001299s ]
INFO: [ app_end ] --END-- [ RunTime:0.001349s ]

