[ 2018-04-11T09:24:53+08:00 ] ::1 /mingjin/admin.php
INFO: [ app_init ] --START--
INFO: Run Behavior\BuildLiteBehavior [ RunTime:0.000009s ]
INFO: [ app_init ] --END-- [ RunTime:0.000658s ]
INFO: [ app_begin ] --START--
INFO: Run Behavior\ReadHtmlCacheBehavior [ RunTime:0.001138s ]
INFO: [ app_begin ] --END-- [ RunTime:0.001175s ]
INFO: [ view_parse ] --START--
INFO: [ template_filter ] --START--
INFO: Run Behavior\ContentReplaceBehavior [ RunTime:0.000074s ]
INFO: [ template_filter ] --END-- [ RunTime:0.000105s ]
INFO: Run Behavior\ParseTemplateBehavior [ RunTime:0.041370s ]
INFO: [ view_parse ] --END-- [ RunTime:0.041405s ]
INFO: [ view_filter ] --START--
INFO: Run Behavior\WriteHtmlCacheBehavior [ RunTime:0.000634s ]
INFO: [ view_filter ] --END-- [ RunTime:0.000652s ]
INFO: [ app_end ] --START--
INFO: Run Behavior\ShowPageTraceBehavior [ RunTime:0.000870s ]
INFO: [ app_end ] --END-- [ RunTime:0.000888s ]

[ 2018-04-11T09:25:03+08:00 ] ::1 /mingjin/admin.php/Index/login.html
INFO: [ app_init ] --START--
INFO: Run Behavior\BuildLiteBehavior [ RunTime:0.000008s ]
INFO: [ app_init ] --END-- [ RunTime:0.000559s ]
INFO: [ app_begin ] --START--
INFO: Run Behavior\ReadHtmlCacheBehavior [ RunTime:0.000814s ]
INFO: [ app_begin ] --END-- [ RunTime:0.000835s ]
SQL: SHOW COLUMNS FROM `admin` [ RunTime:0.1858s ]
SQL: SELECT * FROM `admin` WHERE `account` = 'asd' LIMIT 1   [ RunTime:0.0322s ]
INFO: [ view_parse ] --START--
INFO: [ template_filter ] --START--
INFO: Run Behavior\ContentReplaceBehavior [ RunTime:0.000062s ]
INFO: [ template_filter ] --END-- [ RunTime:0.000122s ]
INFO: Run Behavior\ParseTemplateBehavior [ RunTime:0.048401s ]
INFO: [ view_parse ] --END-- [ RunTime:0.048481s ]
INFO: [ view_filter ] --START--
INFO: Run Behavior\WriteHtmlCacheBehavior [ RunTime:0.001832s ]
INFO: [ view_filter ] --END-- [ RunTime:0.001883s ]
INFO: [ app_end ] --START--
INFO: Run Behavior\ShowPageTraceBehavior [ RunTime:0.002623s ]
INFO: [ app_end ] --END-- [ RunTime:0.002734s ]

[ 2018-04-11T09:25:04+08:00 ] ::1 /mingjin/admin.php/Index/user
INFO: [ app_init ] --START--
INFO: Run Behavior\BuildLiteBehavior [ RunTime:0.000009s ]
INFO: [ app_init ] --END-- [ RunTime:0.000728s ]
INFO: [ app_begin ] --START--
INFO: Run Behavior\ReadHtmlCacheBehavior [ RunTime:0.001508s ]
INFO: [ app_begin ] --END-- [ RunTime:0.001578s ]
SQL: SHOW COLUMNS FROM `user` [ RunTime:0.0716s ]
SQL: SELECT * FROM `user` ORDER BY id desc  [ RunTime:0.0006s ]
INFO: [ view_parse ] --START--
INFO: [ template_filter ] --START--
INFO: Run Behavior\ContentReplaceBehavior [ RunTime:0.000034s ]
INFO: [ template_filter ] --END-- [ RunTime:0.000058s ]
INFO: Run Behavior\ParseTemplateBehavior [ RunTime:0.066855s ]
INFO: [ view_parse ] --END-- [ RunTime:0.066891s ]
INFO: [ view_filter ] --START--
INFO: Run Behavior\WriteHtmlCacheBehavior [ RunTime:0.000616s ]
INFO: [ view_filter ] --END-- [ RunTime:0.000636s ]
INFO: [ app_end ] --START--
INFO: Run Behavior\ShowPageTraceBehavior [ RunTime:0.000790s ]
INFO: [ app_end ] --END-- [ RunTime:0.000808s ]

[ 2018-04-11T09:25:04+08:00 ] ::1 /mingjin/admin.php/Index/images/dclogo.gif
INFO: [ app_init ] --START--
INFO: Run Behavior\BuildLiteBehavior [ RunTime:0.000010s ]
INFO: [ app_init ] --END-- [ RunTime:0.000609s ]

[ 2018-04-11T09:25:07+08:00 ] ::1 /mingjin/admin.php/Index/manager.html
INFO: [ app_init ] --START--
INFO: Run Behavior\BuildLiteBehavior [ RunTime:0.000007s ]
INFO: [ app_init ] --END-- [ RunTime:0.000548s ]
INFO: [ app_begin ] --START--
INFO: Run Behavior\ReadHtmlCacheBehavior [ RunTime:0.001153s ]
INFO: [ app_begin ] --END-- [ RunTime:0.001204s ]
SQL: SHOW COLUMNS FROM `admin` [ RunTime:0.0380s ]
SQL: SELECT * FROM `admin` ORDER BY id desc  [ RunTime:0.0006s ]
INFO: [ view_parse ] --START--
INFO: [ template_filter ] --START--
INFO: Run Behavior\ContentReplaceBehavior [ RunTime:0.000039s ]
INFO: [ template_filter ] --END-- [ RunTime:0.000068s ]
INFO: Run Behavior\ParseTemplateBehavior [ RunTime:0.031222s ]
INFO: [ view_parse ] --END-- [ RunTime:0.031258s ]
INFO: [ view_filter ] --START--
INFO: Run Behavior\WriteHtmlCacheBehavior [ RunTime:0.000656s ]
INFO: [ view_filter ] --END-- [ RunTime:0.000678s ]
INFO: [ app_end ] --START--
INFO: Run Behavior\ShowPageTraceBehavior [ RunTime:0.000918s ]
INFO: [ app_end ] --END-- [ RunTime:0.000939s ]

[ 2018-04-11T09:25:07+08:00 ] ::1 /mingjin/admin.php/Index/images/dclogo.gif
INFO: [ app_init ] --START--
INFO: Run Behavior\BuildLiteBehavior [ RunTime:0.000007s ]
INFO: [ app_init ] --END-- [ RunTime:0.000721s ]

[ 2018-04-11T09:25:09+08:00 ] ::1 /mingjin/admin.php/Index/anjian.html
INFO: [ app_init ] --START--
INFO: Run Behavior\BuildLiteBehavior [ RunTime:0.000008s ]
INFO: [ app_init ] --END-- [ RunTime:0.000631s ]
INFO: [ app_begin ] --START--
INFO: Run Behavior\ReadHtmlCacheBehavior [ RunTime:0.000836s ]
INFO: [ app_begin ] --END-- [ RunTime:0.000861s ]
SQL: SHOW COLUMNS FROM `user` [ RunTime:0.0439s ]
SQL: SELECT * FROM `user` ORDER BY id desc  [ RunTime:0.0005s ]
INFO: [ view_parse ] --START--
INFO: [ template_filter ] --START--
INFO: Run Behavior\ContentReplaceBehavior [ RunTime:0.000030s ]
INFO: [ template_filter ] --END-- [ RunTime:0.000052s ]
INFO: Run Behavior\ParseTemplateBehavior [ RunTime:0.019885s ]
INFO: [ view_parse ] --END-- [ RunTime:0.019916s ]
INFO: [ view_filter ] --START--
INFO: Run Behavior\WriteHtmlCacheBehavior [ RunTime:0.000597s ]
INFO: [ view_filter ] --END-- [ RunTime:0.000617s ]
INFO: [ app_end ] --START--
INFO: Run Behavior\ShowPageTraceBehavior [ RunTime:0.000724s ]
INFO: [ app_end ] --END-- [ RunTime:0.000744s ]

[ 2018-04-11T09:25:09+08:00 ] ::1 /mingjin/admin.php/Index/images/dclogo.gif
INFO: [ app_init ] --START--
INFO: Run Behavior\BuildLiteBehavior [ RunTime:0.000010s ]
INFO: [ app_init ] --END-- [ RunTime:0.000610s ]

[ 2018-04-11T09:25:10+08:00 ] ::1 /mingjin/admin.php/Index/pingjia.html
INFO: [ app_init ] --START--
INFO: Run Behavior\BuildLiteBehavior [ RunTime:0.000006s ]
INFO: [ app_init ] --END-- [ RunTime:0.000494s ]
INFO: [ app_begin ] --START--
INFO: Run Behavior\ReadHtmlCacheBehavior [ RunTime:0.000630s ]
INFO: [ app_begin ] --END-- [ RunTime:0.000649s ]
SQL: SHOW COLUMNS FROM `user` [ RunTime:0.0043s ]
SQL: SELECT * FROM `user` ORDER BY id desc  [ RunTime:0.0006s ]
INFO: [ view_parse ] --START--
INFO: [ template_filter ] --START--
INFO: Run Behavior\ContentReplaceBehavior [ RunTime:0.000030s ]
INFO: [ template_filter ] --END-- [ RunTime:0.000055s ]
INFO: Run Behavior\ParseTemplateBehavior [ RunTime:0.049978s ]
INFO: [ view_parse ] --END-- [ RunTime:0.050010s ]
INFO: [ view_filter ] --START--
INFO: Run Behavior\WriteHtmlCacheBehavior [ RunTime:0.000514s ]
INFO: [ view_filter ] --END-- [ RunTime:0.000532s ]
INFO: [ app_end ] --START--
INFO: Run Behavior\ShowPageTraceBehavior [ RunTime:0.000921s ]
INFO: [ app_end ] --END-- [ RunTime:0.000944s ]

[ 2018-04-11T09:25:10+08:00 ] ::1 /mingjin/admin.php/Index/images/dclogo.gif
INFO: [ app_init ] --START--
INFO: Run Behavior\BuildLiteBehavior [ RunTime:0.000008s ]
INFO: [ app_init ] --END-- [ RunTime:0.000509s ]

[ 2018-04-11T09:25:11+08:00 ] ::1 /mingjin/admin.php/Index/tousu.html
INFO: [ app_init ] --START--
INFO: Run Behavior\BuildLiteBehavior [ RunTime:0.000007s ]
INFO: [ app_init ] --END-- [ RunTime:0.000618s ]
INFO: [ app_begin ] --START--
INFO: Run Behavior\ReadHtmlCacheBehavior [ RunTime:0.000815s ]
INFO: [ app_begin ] --END-- [ RunTime:0.000840s ]
SQL: SHOW COLUMNS FROM `toushu` [ RunTime:0.0325s ]
SQL: SELECT * FROM `toushu`  [ RunTime:0.0005s ]
SQL: SHOW COLUMNS FROM `user` [ RunTime:0.0031s ]
SQL: SELECT `id`,`name` FROM `user`  [ RunTime:0.0008s ]
NOTIC: [8] Undefined variable: value E:\WAMPP\htdocs\mingjin\Application\Admin\Controller\IndexController.class.php 第 344 行.
NOTIC: [8] Undefined variable: value E:\WAMPP\htdocs\mingjin\Application\Admin\Controller\IndexController.class.php 第 344 行.
NOTIC: [8] Undefined variable: value E:\WAMPP\htdocs\mingjin\Application\Admin\Controller\IndexController.class.php 第 344 行.
NOTIC: [8] Undefined variable: value E:\WAMPP\htdocs\mingjin\Application\Admin\Controller\IndexController.class.php 第 344 行.
NOTIC: [8] Undefined variable: value E:\WAMPP\htdocs\mingjin\Application\Admin\Controller\IndexController.class.php 第 344 行.
NOTIC: [8] Undefined variable: value E:\WAMPP\htdocs\mingjin\Application\Admin\Controller\IndexController.class.php 第 344 行.
INFO: [ view_parse ] --START--
INFO: [ template_filter ] --START--
INFO: Run Behavior\ContentReplaceBehavior [ RunTime:0.000061s ]
INFO: [ template_filter ] --END-- [ RunTime:0.000117s ]
NOTIC: [8] Undefined index: password E:\WAMPP\htdocs\mingjin\Application\Runtime\Cache\Admin\6a6a16367fd9a3615e9874de7e351384.php 第 62 行.
NOTIC: [8] Undefined index: phone E:\WAMPP\htdocs\mingjin\Application\Runtime\Cache\Admin\6a6a16367fd9a3615e9874de7e351384.php 第 63 行.
NOTIC: [8] Undefined index: address E:\WAMPP\htdocs\mingjin\Application\Runtime\Cache\Admin\6a6a16367fd9a3615e9874de7e351384.php 第 64 行.
NOTIC: [8] Undefined index: password E:\WAMPP\htdocs\mingjin\Application\Runtime\Cache\Admin\6a6a16367fd9a3615e9874de7e351384.php 第 62 行.
NOTIC: [8] Undefined index: phone E:\WAMPP\htdocs\mingjin\Application\Runtime\Cache\Admin\6a6a16367fd9a3615e9874de7e351384.php 第 63 行.
NOTIC: [8] Undefined index: address E:\WAMPP\htdocs\mingjin\Application\Runtime\Cache\Admin\6a6a16367fd9a3615e9874de7e351384.php 第 64 行.
NOTIC: [8] Undefined index: password E:\WAMPP\htdocs\mingjin\Application\Runtime\Cache\Admin\6a6a16367fd9a3615e9874de7e351384.php 第 62 行.
NOTIC: [8] Undefined index: phone E:\WAMPP\htdocs\mingjin\Application\Runtime\Cache\Admin\6a6a16367fd9a3615e9874de7e351384.php 第 63 行.
NOTIC: [8] Undefined index: address E:\WAMPP\htdocs\mingjin\Application\Runtime\Cache\Admin\6a6a16367fd9a3615e9874de7e351384.php 第 64 行.
NOTIC: [8] Undefined index: password E:\WAMPP\htdocs\mingjin\Application\Runtime\Cache\Admin\6a6a16367fd9a3615e9874de7e351384.php 第 62 行.
NOTIC: [8] Undefined index: phone E:\WAMPP\htdocs\mingjin\Application\Runtime\Cache\Admin\6a6a16367fd9a3615e9874de7e351384.php 第 63 行.
NOTIC: [8] Undefined index: address E:\WAMPP\htdocs\mingjin\Application\Runtime\Cache\Admin\6a6a16367fd9a3615e9874de7e351384.php 第 64 行.
NOTIC: [8] Undefined index: password E:\WAMPP\htdocs\mingjin\Application\Runtime\Cache\Admin\6a6a16367fd9a3615e9874de7e351384.php 第 62 行.
NOTIC: [8] Undefined index: phone E:\WAMPP\htdocs\mingjin\Application\Runtime\Cache\Admin\6a6a16367fd9a3615e9874de7e351384.php 第 63 行.
NOTIC: [8] Undefined index: address E:\WAMPP\htdocs\mingjin\Application\Runtime\Cache\Admin\6a6a16367fd9a3615e9874de7e351384.php 第 64 行.
NOTIC: [8] Undefined index: password E:\WAMPP\htdocs\mingjin\Application\Runtime\Cache\Admin\6a6a16367fd9a3615e9874de7e351384.php 第 62 行.
NOTIC: [8] Undefined index: phone E:\WAMPP\htdocs\mingjin\Application\Runtime\Cache\Admin\6a6a16367fd9a3615e9874de7e351384.php 第 63 行.
NOTIC: [8] Undefined index: address E:\WAMPP\htdocs\mingjin\Application\Runtime\Cache\Admin\6a6a16367fd9a3615e9874de7e351384.php 第 64 行.
INFO: Run Behavior\ParseTemplateBehavior [ RunTime:0.022625s ]
INFO: [ view_parse ] --END-- [ RunTime:0.022662s ]
INFO: [ view_filter ] --START--
INFO: Run Behavior\WriteHtmlCacheBehavior [ RunTime:0.000810s ]
INFO: [ view_filter ] --END-- [ RunTime:0.000834s ]
INFO: [ app_end ] --START--
INFO: Run Behavior\ShowPageTraceBehavior [ RunTime:0.001006s ]
INFO: [ app_end ] --END-- [ RunTime:0.001032s ]

[ 2018-04-11T09:25:11+08:00 ] ::1 /mingjin/admin.php/Index/images/dclogo.gif
INFO: [ app_init ] --START--
INFO: Run Behavior\BuildLiteBehavior [ RunTime:0.000008s ]
INFO: [ app_init ] --END-- [ RunTime:0.000488s ]

[ 2018-04-11T13:52:29+08:00 ] ::1 /mingjin/admin.php
INFO: [ app_init ] --START--
INFO: Run Behavior\BuildLiteBehavior [ RunTime:0.000006s ]
INFO: [ app_init ] --END-- [ RunTime:0.000421s ]
INFO: [ app_begin ] --START--
INFO: Run Behavior\ReadHtmlCacheBehavior [ RunTime:0.000562s ]
INFO: [ app_begin ] --END-- [ RunTime:0.000585s ]
INFO: [ view_parse ] --START--
INFO: [ template_filter ] --START--
INFO: Run Behavior\ContentReplaceBehavior [ RunTime:0.000020s ]
INFO: [ template_filter ] --END-- [ RunTime:0.000038s ]
INFO: Run Behavior\ParseTemplateBehavior [ RunTime:0.004385s ]
INFO: [ view_parse ] --END-- [ RunTime:0.004405s ]
INFO: [ view_filter ] --START--
INFO: Run Behavior\WriteHtmlCacheBehavior [ RunTime:0.000441s ]
INFO: [ view_filter ] --END-- [ RunTime:0.000457s ]
INFO: [ app_end ] --START--
INFO: Run Behavior\ShowPageTraceBehavior [ RunTime:0.000603s ]
INFO: [ app_end ] --END-- [ RunTime:0.000619s ]

[ 2018-04-11T13:52:34+08:00 ] ::1 /mingjin/admin.php/Index/login.html
INFO: [ app_init ] --START--
INFO: Run Behavior\BuildLiteBehavior [ RunTime:0.000009s ]
INFO: [ app_init ] --END-- [ RunTime:0.000716s ]
INFO: [ app_begin ] --START--
INFO: Run Behavior\ReadHtmlCacheBehavior [ RunTime:0.000974s ]
INFO: [ app_begin ] --END-- [ RunTime:0.001002s ]
SQL: SHOW COLUMNS FROM `admin` [ RunTime:0.0751s ]
SQL: SELECT * FROM `admin` WHERE `account` = 'asd' LIMIT 1   [ RunTime:0.0007s ]
INFO: [ view_parse ] --START--
INFO: [ template_filter ] --START--
INFO: Run Behavior\ContentReplaceBehavior [ RunTime:0.000027s ]
INFO: [ template_filter ] --END-- [ RunTime:0.000051s ]
INFO: Run Behavior\ParseTemplateBehavior [ RunTime:0.007277s ]
INFO: [ view_parse ] --END-- [ RunTime:0.007302s ]
INFO: [ view_filter ] --START--
INFO: Run Behavior\WriteHtmlCacheBehavior [ RunTime:0.000595s ]
INFO: [ view_filter ] --END-- [ RunTime:0.000611s ]
INFO: [ app_end ] --START--
INFO: Run Behavior\ShowPageTraceBehavior [ RunTime:0.000824s ]
INFO: [ app_end ] --END-- [ RunTime:0.000841s ]

[ 2018-04-11T13:52:36+08:00 ] ::1 /mingjin/admin.php/Index/user
INFO: [ app_init ] --START--
INFO: Run Behavior\BuildLiteBehavior [ RunTime:0.000011s ]
INFO: [ app_init ] --END-- [ RunTime:0.000816s ]
INFO: [ app_begin ] --START--
INFO: Run Behavior\ReadHtmlCacheBehavior [ RunTime:0.001014s ]
INFO: [ app_begin ] --END-- [ RunTime:0.001051s ]
SQL: SHOW COLUMNS FROM `user` [ RunTime:0.0029s ]
SQL: SELECT * FROM `user` ORDER BY id desc  [ RunTime:0.0010s ]
INFO: [ view_parse ] --START--
INFO: [ template_filter ] --START--
INFO: Run Behavior\ContentReplaceBehavior [ RunTime:0.000032s ]
INFO: [ template_filter ] --END-- [ RunTime:0.000059s ]
INFO: Run Behavior\ParseTemplateBehavior [ RunTime:0.007543s ]
INFO: [ view_parse ] --END-- [ RunTime:0.007569s ]
INFO: [ view_filter ] --START--
INFO: Run Behavior\WriteHtmlCacheBehavior [ RunTime:0.000472s ]
INFO: [ view_filter ] --END-- [ RunTime:0.000488s ]
INFO: [ app_end ] --START--
INFO: Run Behavior\ShowPageTraceBehavior [ RunTime:0.000668s ]
INFO: [ app_end ] --END-- [ RunTime:0.000684s ]

[ 2018-04-11T13:52:39+08:00 ] ::1 /mingjin/admin.php/Index/user.html
INFO: [ app_init ] --START--
INFO: Run Behavior\BuildLiteBehavior [ RunTime:0.000028s ]
INFO: [ app_init ] --END-- [ RunTime:0.001099s ]
INFO: [ app_begin ] --START--
INFO: Run Behavior\ReadHtmlCacheBehavior [ RunTime:0.000853s ]
INFO: [ app_begin ] --END-- [ RunTime:0.000885s ]
SQL: SHOW COLUMNS FROM `user` [ RunTime:0.0029s ]
SQL: SELECT * FROM `user` ORDER BY id desc  [ RunTime:0.0004s ]
INFO: [ view_parse ] --START--
INFO: [ template_filter ] --START--
INFO: Run Behavior\ContentReplaceBehavior [ RunTime:0.000053s ]
INFO: [ template_filter ] --END-- [ RunTime:0.000105s ]
INFO: Run Behavior\ParseTemplateBehavior [ RunTime:0.007700s ]
INFO: [ view_parse ] --END-- [ RunTime:0.007738s ]
INFO: [ view_filter ] --START--
INFO: Run Behavior\WriteHtmlCacheBehavior [ RunTime:0.000565s ]
INFO: [ view_filter ] --END-- [ RunTime:0.000582s ]
INFO: [ app_end ] --START--
INFO: Run Behavior\ShowPageTraceBehavior [ RunTime:0.000705s ]
INFO: [ app_end ] --END-- [ RunTime:0.000726s ]

[ 2018-04-11T13:52:40+08:00 ] ::1 /mingjin/admin.php/Index/manager.html
INFO: [ app_init ] --START--
INFO: Run Behavior\BuildLiteBehavior [ RunTime:0.000007s ]
INFO: [ app_init ] --END-- [ RunTime:0.000618s ]
INFO: [ app_begin ] --START--
INFO: Run Behavior\ReadHtmlCacheBehavior [ RunTime:0.000826s ]
INFO: [ app_begin ] --END-- [ RunTime:0.000851s ]
SQL: SHOW COLUMNS FROM `admin` [ RunTime:0.0037s ]
SQL: SELECT * FROM `admin` ORDER BY id desc  [ RunTime:0.0004s ]
INFO: [ view_parse ] --START--
INFO: [ template_filter ] --START--
INFO: Run Behavior\ContentReplaceBehavior [ RunTime:0.000031s ]
INFO: [ template_filter ] --END-- [ RunTime:0.000048s ]
INFO: Run Behavior\ParseTemplateBehavior [ RunTime:0.005824s ]
INFO: [ view_parse ] --END-- [ RunTime:0.005844s ]
INFO: [ view_filter ] --START--
INFO: Run Behavior\WriteHtmlCacheBehavior [ RunTime:0.000466s ]
INFO: [ view_filter ] --END-- [ RunTime:0.000483s ]
INFO: [ app_end ] --START--
INFO: Run Behavior\ShowPageTraceBehavior [ RunTime:0.000689s ]
INFO: [ app_end ] --END-- [ RunTime:0.000705s ]

[ 2018-04-11T13:52:41+08:00 ] ::1 /mingjin/admin.php/Index/anjian.html
INFO: [ app_init ] --START--
INFO: Run Behavior\BuildLiteBehavior [ RunTime:0.000009s ]
INFO: [ app_init ] --END-- [ RunTime:0.000634s ]
INFO: [ app_begin ] --START--
INFO: Run Behavior\ReadHtmlCacheBehavior [ RunTime:0.001548s ]
INFO: [ app_begin ] --END-- [ RunTime:0.001628s ]
SQL: SHOW COLUMNS FROM `user` [ RunTime:0.0028s ]
SQL: SELECT * FROM `user` ORDER BY id desc  [ RunTime:0.0003s ]
INFO: [ view_parse ] --START--
INFO: [ template_filter ] --START--
INFO: Run Behavior\ContentReplaceBehavior [ RunTime:0.000030s ]
INFO: [ template_filter ] --END-- [ RunTime:0.000050s ]
INFO: Run Behavior\ParseTemplateBehavior [ RunTime:0.005837s ]
INFO: [ view_parse ] --END-- [ RunTime:0.005873s ]
INFO: [ view_filter ] --START--
INFO: Run Behavior\WriteHtmlCacheBehavior [ RunTime:0.000619s ]
INFO: [ view_filter ] --END-- [ RunTime:0.000640s ]
INFO: [ app_end ] --START--
INFO: Run Behavior\ShowPageTraceBehavior [ RunTime:0.000897s ]
INFO: [ app_end ] --END-- [ RunTime:0.000921s ]

[ 2018-04-11T13:52:43+08:00 ] ::1 /mingjin/admin.php/Index/anjian.html
INFO: [ app_init ] --START--
INFO: Run Behavior\BuildLiteBehavior [ RunTime:0.000008s ]
INFO: [ app_init ] --END-- [ RunTime:0.000640s ]
INFO: [ app_begin ] --START--
INFO: Run Behavior\ReadHtmlCacheBehavior [ RunTime:0.000774s ]
INFO: [ app_begin ] --END-- [ RunTime:0.000800s ]
SQL: SHOW COLUMNS FROM `user` [ RunTime:0.0028s ]
SQL: SELECT * FROM `user` ORDER BY id desc  [ RunTime:0.0004s ]
INFO: [ view_parse ] --START--
INFO: [ template_filter ] --START--
INFO: Run Behavior\ContentReplaceBehavior [ RunTime:0.000031s ]
INFO: [ template_filter ] --END-- [ RunTime:0.000048s ]
INFO: Run Behavior\ParseTemplateBehavior [ RunTime:0.005893s ]
INFO: [ view_parse ] --END-- [ RunTime:0.005912s ]
INFO: [ view_filter ] --START--
INFO: Run Behavior\WriteHtmlCacheBehavior [ RunTime:0.000437s ]
INFO: [ view_filter ] --END-- [ RunTime:0.000454s ]
INFO: [ app_end ] --START--
INFO: Run Behavior\ShowPageTraceBehavior [ RunTime:0.000668s ]
INFO: [ app_end ] --END-- [ RunTime:0.000685s ]

[ 2018-04-11T13:52:45+08:00 ] ::1 /mingjin/admin.php/Index/pingjia.html
INFO: [ app_init ] --START--
INFO: Run Behavior\BuildLiteBehavior [ RunTime:0.000008s ]
INFO: [ app_init ] --END-- [ RunTime:0.000608s ]
INFO: [ app_begin ] --START--
INFO: Run Behavior\ReadHtmlCacheBehavior [ RunTime:0.000730s ]
INFO: [ app_begin ] --END-- [ RunTime:0.000754s ]
SQL: SHOW COLUMNS FROM `user` [ RunTime:0.0037s ]
SQL: SELECT * FROM `user` ORDER BY id desc  [ RunTime:0.0004s ]
INFO: [ view_parse ] --START--
INFO: [ template_filter ] --START--
INFO: Run Behavior\ContentReplaceBehavior [ RunTime:0.000039s ]
INFO: [ template_filter ] --END-- [ RunTime:0.000061s ]
INFO: Run Behavior\ParseTemplateBehavior [ RunTime:0.008674s ]
INFO: [ view_parse ] --END-- [ RunTime:0.008730s ]
INFO: [ view_filter ] --START--
INFO: Run Behavior\WriteHtmlCacheBehavior [ RunTime:0.000996s ]
INFO: [ view_filter ] --END-- [ RunTime:0.001031s ]
INFO: [ app_end ] --START--
INFO: Run Behavior\ShowPageTraceBehavior [ RunTime:0.001004s ]
INFO: [ app_end ] --END-- [ RunTime:0.001031s ]

[ 2018-04-11T13:52:47+08:00 ] ::1 /mingjin/admin.php/Index/tousu.html
INFO: [ app_init ] --START--
INFO: Run Behavior\BuildLiteBehavior [ RunTime:0.000006s ]
INFO: [ app_init ] --END-- [ RunTime:0.000478s ]
INFO: [ app_begin ] --START--
INFO: Run Behavior\ReadHtmlCacheBehavior [ RunTime:0.000614s ]
INFO: [ app_begin ] --END-- [ RunTime:0.000633s ]
SQL: SHOW COLUMNS FROM `toushu` [ RunTime:0.0033s ]
SQL: SELECT * FROM `toushu`  [ RunTime:0.0003s ]
SQL: SHOW COLUMNS FROM `user` [ RunTime:0.0027s ]
SQL: SELECT `id`,`name` FROM `user`  [ RunTime:0.0003s ]
NOTIC: [8] Undefined variable: value E:\WAMPP\htdocs\mingjin\Application\Admin\Controller\IndexController.class.php 第 345 行.
NOTIC: [8] Undefined variable: value E:\WAMPP\htdocs\mingjin\Application\Admin\Controller\IndexController.class.php 第 345 行.
NOTIC: [8] Undefined variable: value E:\WAMPP\htdocs\mingjin\Application\Admin\Controller\IndexController.class.php 第 345 行.
NOTIC: [8] Undefined variable: value E:\WAMPP\htdocs\mingjin\Application\Admin\Controller\IndexController.class.php 第 345 行.
NOTIC: [8] Undefined variable: value E:\WAMPP\htdocs\mingjin\Application\Admin\Controller\IndexController.class.php 第 345 行.
NOTIC: [8] Undefined variable: value E:\WAMPP\htdocs\mingjin\Application\Admin\Controller\IndexController.class.php 第 345 行.
INFO: [ view_parse ] --START--
INFO: [ template_filter ] --START--
INFO: Run Behavior\ContentReplaceBehavior [ RunTime:0.000034s ]
INFO: [ template_filter ] --END-- [ RunTime:0.000056s ]
NOTIC: [8] Undefined index: password E:\WAMPP\htdocs\mingjin\Application\Runtime\Cache\Admin\6a6a16367fd9a3615e9874de7e351384.php 第 62 行.
NOTIC: [8] Undefined index: phone E:\WAMPP\htdocs\mingjin\Application\Runtime\Cache\Admin\6a6a16367fd9a3615e9874de7e351384.php 第 63 行.
NOTIC: [8] Undefined index: address E:\WAMPP\htdocs\mingjin\Application\Runtime\Cache\Admin\6a6a16367fd9a3615e9874de7e351384.php 第 64 行.
NOTIC: [8] Undefined index: password E:\WAMPP\htdocs\mingjin\Application\Runtime\Cache\Admin\6a6a16367fd9a3615e9874de7e351384.php 第 62 行.
NOTIC: [8] Undefined index: phone E:\WAMPP\htdocs\mingjin\Application\Runtime\Cache\Admin\6a6a16367fd9a3615e9874de7e351384.php 第 63 行.
NOTIC: [8] Undefined index: address E:\WAMPP\htdocs\mingjin\Application\Runtime\Cache\Admin\6a6a16367fd9a3615e9874de7e351384.php 第 64 行.
NOTIC: [8] Undefined index: password E:\WAMPP\htdocs\mingjin\Application\Runtime\Cache\Admin\6a6a16367fd9a3615e9874de7e351384.php 第 62 行.
NOTIC: [8] Undefined index: phone E:\WAMPP\htdocs\mingjin\Application\Runtime\Cache\Admin\6a6a16367fd9a3615e9874de7e351384.php 第 63 行.
NOTIC: [8] Undefined index: address E:\WAMPP\htdocs\mingjin\Application\Runtime\Cache\Admin\6a6a16367fd9a3615e9874de7e351384.php 第 64 行.
NOTIC: [8] Undefined index: password E:\WAMPP\htdocs\mingjin\Application\Runtime\Cache\Admin\6a6a16367fd9a3615e9874de7e351384.php 第 62 行.
NOTIC: [8] Undefined index: phone E:\WAMPP\htdocs\mingjin\Application\Runtime\Cache\Admin\6a6a16367fd9a3615e9874de7e351384.php 第 63 行.
NOTIC: [8] Undefined index: address E:\WAMPP\htdocs\mingjin\Application\Runtime\Cache\Admin\6a6a16367fd9a3615e9874de7e351384.php 第 64 行.
NOTIC: [8] Undefined index: password E:\WAMPP\htdocs\mingjin\Application\Runtime\Cache\Admin\6a6a16367fd9a3615e9874de7e351384.php 第 62 行.
NOTIC: [8] Undefined index: phone E:\WAMPP\htdocs\mingjin\Application\Runtime\Cache\Admin\6a6a16367fd9a3615e9874de7e351384.php 第 63 行.
NOTIC: [8] Undefined index: address E:\WAMPP\htdocs\mingjin\Application\Runtime\Cache\Admin\6a6a16367fd9a3615e9874de7e351384.php 第 64 行.
NOTIC: [8] Undefined index: password E:\WAMPP\htdocs\mingjin\Application\Runtime\Cache\Admin\6a6a16367fd9a3615e9874de7e351384.php 第 62 行.
NOTIC: [8] Undefined index: phone E:\WAMPP\htdocs\mingjin\Application\Runtime\Cache\Admin\6a6a16367fd9a3615e9874de7e351384.php 第 63 行.
NOTIC: [8] Undefined index: address E:\WAMPP\htdocs\mingjin\Application\Runtime\Cache\Admin\6a6a16367fd9a3615e9874de7e351384.php 第 64 行.
INFO: Run Behavior\ParseTemplateBehavior [ RunTime:0.006453s ]
INFO: [ view_parse ] --END-- [ RunTime:0.006486s ]
INFO: [ view_filter ] --START--
INFO: Run Behavior\WriteHtmlCacheBehavior [ RunTime:0.000729s ]
INFO: [ view_filter ] --END-- [ RunTime:0.000748s ]
INFO: [ app_end ] --START--
INFO: Run Behavior\ShowPageTraceBehavior [ RunTime:0.000823s ]
INFO: [ app_end ] --END-- [ RunTime:0.000843s ]

[ 2018-04-11T13:52:53+08:00 ] ::1 /mingjin/admin.php/Index/loginout.html
INFO: [ app_init ] --START--
INFO: Run Behavior\BuildLiteBehavior [ RunTime:0.000006s ]
INFO: [ app_init ] --END-- [ RunTime:0.000451s ]
INFO: [ app_begin ] --START--
INFO: Run Behavior\ReadHtmlCacheBehavior [ RunTime:0.000727s ]
INFO: [ app_begin ] --END-- [ RunTime:0.000752s ]
INFO: [ view_parse ] --START--
INFO: [ template_filter ] --START--
INFO: Run Behavior\ContentReplaceBehavior [ RunTime:0.000034s ]
INFO: [ template_filter ] --END-- [ RunTime:0.000068s ]
INFO: Run Behavior\ParseTemplateBehavior [ RunTime:0.005737s ]
INFO: [ view_parse ] --END-- [ RunTime:0.005785s ]
INFO: [ view_filter ] --START--
INFO: Run Behavior\WriteHtmlCacheBehavior [ RunTime:0.000637s ]
INFO: [ view_filter ] --END-- [ RunTime:0.000669s ]
INFO: [ app_end ] --START--
INFO: Run Behavior\ShowPageTraceBehavior [ RunTime:0.000742s ]
INFO: [ app_end ] --END-- [ RunTime:0.000765s ]

[ 2018-04-11T13:52:54+08:00 ] ::1 /mingjin/admin.php/Index/index
INFO: [ app_init ] --START--
INFO: Run Behavior\BuildLiteBehavior [ RunTime:0.000014s ]
INFO: [ app_init ] --END-- [ RunTime:0.001194s ]
INFO: [ app_begin ] --START--
INFO: Run Behavior\ReadHtmlCacheBehavior [ RunTime:0.001960s ]
INFO: [ app_begin ] --END-- [ RunTime:0.002049s ]
INFO: [ view_parse ] --START--
INFO: [ template_filter ] --START--
INFO: Run Behavior\ContentReplaceBehavior [ RunTime:0.000040s ]
INFO: [ template_filter ] --END-- [ RunTime:0.000073s ]
INFO: Run Behavior\ParseTemplateBehavior [ RunTime:0.007035s ]
INFO: [ view_parse ] --END-- [ RunTime:0.007071s ]
INFO: [ view_filter ] --START--
INFO: Run Behavior\WriteHtmlCacheBehavior [ RunTime:0.000760s ]
INFO: [ view_filter ] --END-- [ RunTime:0.000786s ]
INFO: [ app_end ] --START--
INFO: Run Behavior\ShowPageTraceBehavior [ RunTime:0.001065s ]
INFO: [ app_end ] --END-- [ RunTime:0.001092s ]

